<?xml version="1.0" encoding="UTF-8"?>
<testng-results skipped="0" failed="0" total="5" passed="5">
  <reporter-output>
  </reporter-output>
  <suite name="Default suite" duration-ms="2682" started-at="2015-12-24T11:26:15Z" finished-at="2015-12-24T11:26:18Z">
    <groups>
    </groups>
    <test name="Default test" duration-ms="2682" started-at="2015-12-24T11:26:15Z" finished-at="2015-12-24T11:26:18Z">
      <class name="com.softserveinc.model.persist.facade.BookFacadeTest">
        <test-method status="PASS" signature="getRemoteBeans()[pri:0, instance:com.softserveinc.model.persist.facade.BookFacadeTest@527740a2]" name="getRemoteBeans" is-config="true" duration-ms="4667" started-at="2015-12-24T13:26:11Z" finished-at="2015-12-24T13:26:15Z">
          <reporter-output>
          </reporter-output>
        </test-method> <!-- getRemoteBeans -->
        <test-method status="PASS" signature="setUp()[pri:0, instance:com.softserveinc.model.persist.facade.BookFacadeTest@527740a2]" name="setUp" is-config="true" duration-ms="1901" started-at="2015-12-24T13:26:15Z" finished-at="2015-12-24T13:26:17Z">
          <reporter-output>
          </reporter-output>
        </test-method> <!-- setUp -->
        <test-method status="PASS" signature="testFindBookByISNBN()[pri:0, instance:com.softserveinc.model.persist.facade.BookFacadeTest@527740a2]" name="testFindBookByISNBN" duration-ms="311" started-at="2015-12-24T13:26:17Z" finished-at="2015-12-24T13:26:18Z">
          <reporter-output>
          </reporter-output>
        </test-method> <!-- testFindBookByISNBN -->
        <test-method status="PASS" signature="testFindBookByName()[pri:0, instance:com.softserveinc.model.persist.facade.BookFacadeTest@527740a2]" name="testFindBookByName" duration-ms="20" started-at="2015-12-24T13:26:18Z" finished-at="2015-12-24T13:26:18Z">
          <reporter-output>
          </reporter-output>
        </test-method> <!-- testFindBookByName -->
        <test-method status="PASS" signature="testFindBooksByAuthor()[pri:0, instance:com.softserveinc.model.persist.facade.BookFacadeTest@527740a2]" name="testFindBooksByAuthor" duration-ms="50" started-at="2015-12-24T13:26:18Z" finished-at="2015-12-24T13:26:18Z">
          <reporter-output>
          </reporter-output>
        </test-method> <!-- testFindBooksByAuthor -->
        <test-method status="PASS" signature="testFindBooksByPublisher()[pri:0, instance:com.softserveinc.model.persist.facade.BookFacadeTest@527740a2]" name="testFindBooksByPublisher" duration-ms="10" started-at="2015-12-24T13:26:18Z" finished-at="2015-12-24T13:26:18Z">
          <reporter-output>
          </reporter-output>
        </test-method> <!-- testFindBooksByPublisher -->
        <test-method status="PASS" signature="tearDown()[pri:0, instance:com.softserveinc.model.persist.facade.BookFacadeTest@527740a2]" name="tearDown" is-config="true" duration-ms="370" started-at="2015-12-24T13:26:18Z" finished-at="2015-12-24T13:26:18Z">
          <reporter-output>
          </reporter-output>
        </test-method> <!-- tearDown -->
        <test-method status="PASS" signature="testFindCountBooks()[pri:0, instance:com.softserveinc.model.persist.facade.BookFacadeTest@527740a2]" name="testFindCountBooks" duration-ms="0" started-at="2015-12-24T13:26:18Z" finished-at="2015-12-24T13:26:18Z">
          <reporter-output>
          </reporter-output>
        </test-method> <!-- testFindCountBooks -->
        <test-method status="PASS" signature="closeEJBSession()[pri:0, instance:com.softserveinc.model.persist.facade.BookFacadeTest@527740a2]" name="closeEJBSession" is-config="true" duration-ms="0" started-at="2015-12-24T13:26:18Z" finished-at="2015-12-24T13:26:18Z">
          <reporter-output>
          </reporter-output>
        </test-method> <!-- closeEJBSession -->
      </class> <!-- com.softserveinc.model.persist.facade.BookFacadeTest -->
    </test> <!-- Default test -->
  </suite> <!-- Default suite -->
</testng-results>
