<?xml version="1.0" encoding="UTF-8"?>
<testng-results skipped="7" failed="0" total="7" passed="0">
  <reporter-output>
  </reporter-output>
  <suite name="Default suite" duration-ms="31" started-at="2016-01-19T07:21:48Z" finished-at="2016-01-19T07:21:48Z">
    <groups>
    </groups>
    <test name="Default test" duration-ms="31" started-at="2016-01-19T07:21:48Z" finished-at="2016-01-19T07:21:48Z">
      <class name="com.softserveinc.model.persist.home.BookHomeTest">
        <test-method status="FAIL" signature="getRemoteBeans()[pri:0, instance:com.softserveinc.model.persist.home.BookHomeTest@2286778]" name="getRemoteBeans" is-config="true" duration-ms="0" started-at="2016-01-19T09:21:46Z" finished-at="2016-01-19T09:21:46Z">
          <exception class="org.apache.openejb.OpenEjbContainer$AssembleApplicationException">
            <message>
              <![CDATA[org.apache.openejb.OpenEJBException: Creating application failed: C:\Users\pkrav\Desktop\BookCatalog\BookLibrary-cdi: org.apache.openejb.OpenEJBRuntimeException: org.hibernate.HibernateException: Access to DialectResolutionInfo cannot be null when 'hibernate.dialect' not set: org.hibernate.HibernateException: Access to DialectResolutionInfo cannot be null when 'hibernate.dialect' not set]]>
            </message>
            <full-stacktrace>
              <![CDATA[org.apache.openejb.OpenEjbContainer$AssembleApplicationException: org.apache.openejb.OpenEJBException: Creating application failed: C:\Users\pkrav\Desktop\BookCatalog\BookLibrary-cdi: org.apache.openejb.OpenEJBRuntimeException: org.hibernate.HibernateException: Access to DialectResolutionInfo cannot be null when 'hibernate.dialect' not set: org.hibernate.HibernateException: Access to DialectResolutionInfo cannot be null when 'hibernate.dialect' not set
	at org.apache.openejb.OpenEjbContainer$Provider.createEJBContainer(OpenEjbContainer.java:339)
	at javax.ejb.embeddable.EJBContainer.createEJBContainer(EJBContainer.java:127)
	at com.softserveinc.model.util.TestHelper.getInitialContext(TestHelper.java:63)
	at com.softserveinc.model.util.TestHelper.<init>(TestHelper.java:33)
	at com.softserveinc.model.util.TestHelper.getInstance(TestHelper.java:46)
	at com.softserveinc.model.util.BaseTest.getRemoteBeans(BaseTest.java:44)
	at sun.reflect.NativeMethodAccessorImpl.invoke0(Native Method)
	at sun.reflect.NativeMethodAccessorImpl.invoke(NativeMethodAccessorImpl.java:62)
	at sun.reflect.DelegatingMethodAccessorImpl.invoke(DelegatingMethodAccessorImpl.java:43)
	at java.lang.reflect.Method.invoke(Method.java:497)
	at org.testng.internal.MethodInvocationHelper.invokeMethod(MethodInvocationHelper.java:85)
	at org.testng.internal.Invoker.invokeConfigurationMethod(Invoker.java:510)
	at org.testng.internal.Invoker.invokeConfigurations(Invoker.java:211)
	at org.testng.internal.Invoker.invokeConfigurations(Invoker.java:138)
	at org.testng.SuiteRunner.privateRun(SuiteRunner.java:298)
	at org.testng.SuiteRunner.run(SuiteRunner.java:261)
	at org.testng.SuiteRunnerWorker.runSuite(SuiteRunnerWorker.java:52)
	at org.testng.SuiteRunnerWorker.run(SuiteRunnerWorker.java:86)
	at org.testng.TestNG.runSuitesSequentially(TestNG.java:1215)
	at org.testng.TestNG.runSuitesLocally(TestNG.java:1140)
	at org.testng.TestNG.run(TestNG.java:1048)
	at org.testng.remote.RemoteTestNG.run(RemoteTestNG.java:112)
	at org.testng.remote.RemoteTestNG.initAndRun(RemoteTestNG.java:205)
	at org.testng.remote.RemoteTestNG.main(RemoteTestNG.java:176)
Caused by: org.apache.openejb.OpenEJBException: Creating application failed: C:\Users\pkrav\Desktop\BookCatalog\BookLibrary-cdi: org.apache.openejb.OpenEJBRuntimeException: org.hibernate.HibernateException: Access to DialectResolutionInfo cannot be null when 'hibernate.dialect' not set: org.hibernate.HibernateException: Access to DialectResolutionInfo cannot be null when 'hibernate.dialect' not set
	at org.apache.openejb.assembler.classic.Assembler.createApplication(Assembler.java:970)
	at org.apache.openejb.assembler.classic.Assembler.createApplication(Assembler.java:652)
	at org.apache.openejb.OpenEjbContainer$Provider.createEJBContainer(OpenEjbContainer.java:335)
	... 23 more
Caused by: org.apache.openejb.OpenEJBException: org.apache.openejb.OpenEJBRuntimeException: org.hibernate.HibernateException: Access to DialectResolutionInfo cannot be null when 'hibernate.dialect' not set: org.hibernate.HibernateException: Access to DialectResolutionInfo cannot be null when 'hibernate.dialect' not set
	at org.apache.openejb.assembler.classic.Assembler.createApplication(Assembler.java:805)
	... 25 more
Caused by: org.apache.openejb.OpenEJBRuntimeException: org.hibernate.HibernateException: Access to DialectResolutionInfo cannot be null when 'hibernate.dialect' not set
	at org.apache.openejb.assembler.classic.ReloadableEntityManagerFactory.createDelegate(ReloadableEntityManagerFactory.java:118)
	at org.apache.openejb.assembler.classic.ReloadableEntityManagerFactory.<init>(ReloadableEntityManagerFactory.java:102)
	at org.apache.openejb.assembler.classic.PersistenceBuilder.createEntityManagerFactory(PersistenceBuilder.java:154)
	at org.apache.openejb.assembler.classic.Assembler.createApplication(Assembler.java:799)
	... 25 more
Caused by: org.hibernate.HibernateException: Access to DialectResolutionInfo cannot be null when 'hibernate.dialect' not set
	at org.hibernate.engine.jdbc.dialect.internal.DialectFactoryImpl.determineDialect(DialectFactoryImpl.java:104)
	at org.hibernate.engine.jdbc.dialect.internal.DialectFactoryImpl.buildDialect(DialectFactoryImpl.java:71)
	at org.hibernate.engine.jdbc.internal.JdbcServicesImpl.configure(JdbcServicesImpl.java:205)
	at org.hibernate.boot.registry.internal.StandardServiceRegistryImpl.configureService(StandardServiceRegistryImpl.java:111)
	at org.hibernate.service.internal.AbstractServiceRegistryImpl.initializeService(AbstractServiceRegistryImpl.java:234)
	at org.hibernate.service.internal.AbstractServiceRegistryImpl.getService(AbstractServiceRegistryImpl.java:206)
	at org.hibernate.cfg.Configuration.buildTypeRegistrations(Configuration.java:1885)
	at org.hibernate.cfg.Configuration.buildSessionFactory(Configuration.java:1843)
	at org.hibernate.jpa.boot.internal.EntityManagerFactoryBuilderImpl$4.perform(EntityManagerFactoryBuilderImpl.java:850)
	at org.hibernate.jpa.boot.internal.EntityManagerFactoryBuilderImpl$4.perform(EntityManagerFactoryBuilderImpl.java:843)
	at org.hibernate.boot.registry.classloading.internal.ClassLoaderServiceImpl.withTccl(ClassLoaderServiceImpl.java:398)
	at org.hibernate.jpa.boot.internal.EntityManagerFactoryBuilderImpl.build(EntityManagerFactoryBuilderImpl.java:842)
	at org.hibernate.jpa.HibernatePersistenceProvider.createContainerEntityManagerFactory(HibernatePersistenceProvider.java:152)
	at org.apache.openejb.assembler.classic.EntityManagerFactoryCallable.call(EntityManagerFactoryCallable.java:64)
	at org.apache.openejb.assembler.classic.ReloadableEntityManagerFactory.createDelegate(ReloadableEntityManagerFactory.java:116)
	... 28 more
]]>
            </full-stacktrace>
          </exception> <!-- org.apache.openejb.OpenEjbContainer$AssembleApplicationException -->
          <reporter-output>
          </reporter-output>
        </test-method> <!-- getRemoteBeans -->
        <test-method status="SKIP" signature="setUp()[pri:0, instance:com.softserveinc.model.persist.home.BookHomeTest@2286778]" name="setUp" is-config="true" duration-ms="0" started-at="2016-01-19T09:21:48Z" finished-at="2016-01-19T09:21:48Z">
          <reporter-output>
          </reporter-output>
        </test-method> <!-- setUp -->
        <test-method status="SKIP" signature="testFindAllBooks()[pri:0, instance:com.softserveinc.model.persist.home.BookHomeTest@2286778]" name="testFindAllBooks" duration-ms="0" started-at="2016-01-19T09:21:48Z" depends-on-methods="com.softserveinc.model.persist.home.BookHomeTest.testDeleteBook, com.softserveinc.model.persist.home.BookHomeTest.testCreateBook, com.softserveinc.model.persist.home.BookHomeTest.testCreateBookWithAuthors" finished-at="2016-01-19T09:21:48Z">
          <exception class="java.lang.Throwable">
            <message>
              <![CDATA[Method BookHomeTest.testFindAllBooks()[pri:0, instance:com.softserveinc.model.persist.home.BookHomeTest@2286778] depends on not successfully finished methods]]>
            </message>
            <full-stacktrace>
              <![CDATA[java.lang.Throwable: Method BookHomeTest.testFindAllBooks()[pri:0, instance:com.softserveinc.model.persist.home.BookHomeTest@2286778] depends on not successfully finished methods
	at org.testng.internal.Invoker.invokeTestMethods(Invoker.java:1033)
	at org.testng.internal.TestMethodWorker.invokeTestMethods(TestMethodWorker.java:125)
	at org.testng.internal.TestMethodWorker.run(TestMethodWorker.java:108)
	at org.testng.TestRunner.privateRun(TestRunner.java:774)
	at org.testng.TestRunner.run(TestRunner.java:624)
	at org.testng.SuiteRunner.runTest(SuiteRunner.java:359)
	at org.testng.SuiteRunner.runSequentially(SuiteRunner.java:354)
	at org.testng.SuiteRunner.privateRun(SuiteRunner.java:312)
	at org.testng.SuiteRunner.run(SuiteRunner.java:261)
	at org.testng.SuiteRunnerWorker.runSuite(SuiteRunnerWorker.java:52)
	at org.testng.SuiteRunnerWorker.run(SuiteRunnerWorker.java:86)
	at org.testng.TestNG.runSuitesSequentially(TestNG.java:1215)
	at org.testng.TestNG.runSuitesLocally(TestNG.java:1140)
	at org.testng.TestNG.run(TestNG.java:1048)
	at org.testng.remote.RemoteTestNG.run(RemoteTestNG.java:112)
	at org.testng.remote.RemoteTestNG.initAndRun(RemoteTestNG.java:205)
	at org.testng.remote.RemoteTestNG.main(RemoteTestNG.java:176)
]]>
            </full-stacktrace>
          </exception> <!-- java.lang.Throwable -->
          <reporter-output>
          </reporter-output>
        </test-method> <!-- testFindAllBooks -->
        <test-method status="SKIP" signature="testUpdateBook()[pri:0, instance:com.softserveinc.model.persist.home.BookHomeTest@2286778]" name="testUpdateBook" duration-ms="0" started-at="2016-01-19T09:21:48Z" finished-at="2016-01-19T09:21:48Z">
          <reporter-output>
          </reporter-output>
        </test-method> <!-- testUpdateBook -->
        <test-method status="SKIP" signature="testCreateBookWithAuthors()[pri:0, instance:com.softserveinc.model.persist.home.BookHomeTest@2286778]" name="testCreateBookWithAuthors" duration-ms="0" started-at="2016-01-19T09:21:48Z" finished-at="2016-01-19T09:21:48Z">
          <reporter-output>
          </reporter-output>
        </test-method> <!-- testCreateBookWithAuthors -->
        <test-method status="SKIP" signature="testDeleteBook()[pri:0, instance:com.softserveinc.model.persist.home.BookHomeTest@2286778]" name="testDeleteBook" duration-ms="0" started-at="2016-01-19T09:21:48Z" depends-on-methods="com.softserveinc.model.persist.home.BookHomeTest.testCreateBook, com.softserveinc.model.persist.home.BookHomeTest.testCreateBookWithAuthors" finished-at="2016-01-19T09:21:48Z">
          <exception class="java.lang.Throwable">
            <message>
              <![CDATA[Method BookHomeTest.testDeleteBook()[pri:0, instance:com.softserveinc.model.persist.home.BookHomeTest@2286778] depends on not successfully finished methods]]>
            </message>
            <full-stacktrace>
              <![CDATA[java.lang.Throwable: Method BookHomeTest.testDeleteBook()[pri:0, instance:com.softserveinc.model.persist.home.BookHomeTest@2286778] depends on not successfully finished methods
	at org.testng.internal.Invoker.invokeTestMethods(Invoker.java:1033)
	at org.testng.internal.TestMethodWorker.invokeTestMethods(TestMethodWorker.java:125)
	at org.testng.internal.TestMethodWorker.run(TestMethodWorker.java:108)
	at org.testng.TestRunner.privateRun(TestRunner.java:774)
	at org.testng.TestRunner.run(TestRunner.java:624)
	at org.testng.SuiteRunner.runTest(SuiteRunner.java:359)
	at org.testng.SuiteRunner.runSequentially(SuiteRunner.java:354)
	at org.testng.SuiteRunner.privateRun(SuiteRunner.java:312)
	at org.testng.SuiteRunner.run(SuiteRunner.java:261)
	at org.testng.SuiteRunnerWorker.runSuite(SuiteRunnerWorker.java:52)
	at org.testng.SuiteRunnerWorker.run(SuiteRunnerWorker.java:86)
	at org.testng.TestNG.runSuitesSequentially(TestNG.java:1215)
	at org.testng.TestNG.runSuitesLocally(TestNG.java:1140)
	at org.testng.TestNG.run(TestNG.java:1048)
	at org.testng.remote.RemoteTestNG.run(RemoteTestNG.java:112)
	at org.testng.remote.RemoteTestNG.initAndRun(RemoteTestNG.java:205)
	at org.testng.remote.RemoteTestNG.main(RemoteTestNG.java:176)
]]>
            </full-stacktrace>
          </exception> <!-- java.lang.Throwable -->
          <reporter-output>
          </reporter-output>
        </test-method> <!-- testDeleteBook -->
        <test-method status="SKIP" signature="testCreateBook()[pri:0, instance:com.softserveinc.model.persist.home.BookHomeTest@2286778]" name="testCreateBook" duration-ms="0" started-at="2016-01-19T09:21:48Z" finished-at="2016-01-19T09:21:48Z">
          <reporter-output>
          </reporter-output>
        </test-method> <!-- testCreateBook -->
        <test-method status="SKIP" signature="testCreateBookWithAlreadyExistISBN()[pri:0, instance:com.softserveinc.model.persist.home.BookHomeTest@2286778]" name="testCreateBookWithAlreadyExistISBN" duration-ms="0" started-at="2016-01-19T09:21:48Z" finished-at="2016-01-19T09:21:48Z">
          <reporter-output>
          </reporter-output>
        </test-method> <!-- testCreateBookWithAlreadyExistISBN -->
        <test-method status="SKIP" signature="testFindByIdBook()[pri:0, instance:com.softserveinc.model.persist.home.BookHomeTest@2286778]" name="testFindByIdBook" duration-ms="0" started-at="2016-01-19T09:21:48Z" depends-on-methods="com.softserveinc.model.persist.home.BookHomeTest.testDeleteBook, com.softserveinc.model.persist.home.BookHomeTest.testCreateBook, com.softserveinc.model.persist.home.BookHomeTest.testCreateBookWithAuthors" finished-at="2016-01-19T09:21:48Z">
          <exception class="java.lang.Throwable">
            <message>
              <![CDATA[Method BookHomeTest.testFindByIdBook()[pri:0, instance:com.softserveinc.model.persist.home.BookHomeTest@2286778] depends on not successfully finished methods]]>
            </message>
            <full-stacktrace>
              <![CDATA[java.lang.Throwable: Method BookHomeTest.testFindByIdBook()[pri:0, instance:com.softserveinc.model.persist.home.BookHomeTest@2286778] depends on not successfully finished methods
	at org.testng.internal.Invoker.invokeTestMethods(Invoker.java:1033)
	at org.testng.internal.TestMethodWorker.invokeTestMethods(TestMethodWorker.java:125)
	at org.testng.internal.TestMethodWorker.run(TestMethodWorker.java:108)
	at org.testng.TestRunner.privateRun(TestRunner.java:774)
	at org.testng.TestRunner.run(TestRunner.java:624)
	at org.testng.SuiteRunner.runTest(SuiteRunner.java:359)
	at org.testng.SuiteRunner.runSequentially(SuiteRunner.java:354)
	at org.testng.SuiteRunner.privateRun(SuiteRunner.java:312)
	at org.testng.SuiteRunner.run(SuiteRunner.java:261)
	at org.testng.SuiteRunnerWorker.runSuite(SuiteRunnerWorker.java:52)
	at org.testng.SuiteRunnerWorker.run(SuiteRunnerWorker.java:86)
	at org.testng.TestNG.runSuitesSequentially(TestNG.java:1215)
	at org.testng.TestNG.runSuitesLocally(TestNG.java:1140)
	at org.testng.TestNG.run(TestNG.java:1048)
	at org.testng.remote.RemoteTestNG.run(RemoteTestNG.java:112)
	at org.testng.remote.RemoteTestNG.initAndRun(RemoteTestNG.java:205)
	at org.testng.remote.RemoteTestNG.main(RemoteTestNG.java:176)
]]>
            </full-stacktrace>
          </exception> <!-- java.lang.Throwable -->
          <reporter-output>
          </reporter-output>
        </test-method> <!-- testFindByIdBook -->
        <test-method status="SKIP" signature="tearDown()[pri:0, instance:com.softserveinc.model.persist.home.BookHomeTest@2286778]" name="tearDown" is-config="true" duration-ms="0" started-at="2016-01-19T09:21:48Z" finished-at="2016-01-19T09:21:48Z">
          <reporter-output>
          </reporter-output>
        </test-method> <!-- tearDown -->
        <test-method status="SKIP" signature="closeEJBSession()[pri:0, instance:com.softserveinc.model.persist.home.BookHomeTest@2286778]" name="closeEJBSession" is-config="true" duration-ms="0" started-at="2016-01-19T09:21:48Z" finished-at="2016-01-19T09:21:48Z">
          <reporter-output>
          </reporter-output>
        </test-method> <!-- closeEJBSession -->
      </class> <!-- com.softserveinc.model.persist.home.BookHomeTest -->
    </test> <!-- Default test -->
  </suite> <!-- Default suite -->
</testng-results>
