<?xml version="1.0" encoding="UTF-8"?>
<testng-results skipped="0" failed="1" total="1" passed="0">
  <reporter-output>
  </reporter-output>
  <suite name="Default suite" duration-ms="13174" started-at="2016-01-25T23:05:52Z" finished-at="2016-01-25T23:06:05Z">
    <groups>
    </groups>
    <test name="Default test" duration-ms="13174" started-at="2016-01-25T23:05:52Z" finished-at="2016-01-25T23:06:05Z">
      <class name="test.RestClientTest">
        <test-method status="PASS" signature="getRemoteBeans()[pri:0, instance:test.RestClientTest@210366b4]" name="getRemoteBeans" is-config="true" duration-ms="5072" started-at="2016-01-26T01:05:47Z" finished-at="2016-01-26T01:05:52Z">
          <reporter-output>
          </reporter-output>
        </test-method> <!-- getRemoteBeans -->
        <test-method status="PASS" signature="setUp()[pri:0, instance:test.RestClientTest@210366b4]" name="setUp" is-config="true" duration-ms="12596" started-at="2016-01-26T01:05:52Z" finished-at="2016-01-26T01:06:05Z">
          <reporter-output>
          </reporter-output>
        </test-method> <!-- setUp -->
        <test-method status="FAIL" signature="test()[pri:0, instance:test.RestClientTest@210366b4]" name="test" duration-ms="43" started-at="2016-01-26T01:06:05Z" finished-at="2016-01-26T01:06:05Z">
          <exception class="javax.ejb.EJBException">
            <message>
              <![CDATA[The bean encountered a non-application exception; nested exception is: 
	java.lang.RuntimeException: java.lang.ClassNotFoundException: org.glassfish.jersey.client.JerseyClientBuilder]]>
            </message>
            <full-stacktrace>
              <![CDATA[javax.ejb.EJBException: The bean encountered a non-application exception; nested exception is: 
	java.lang.RuntimeException: java.lang.ClassNotFoundException: org.glassfish.jersey.client.JerseyClientBuilder
	at org.apache.openejb.core.ivm.BaseEjbProxyHandler.convertException(BaseEjbProxyHandler.java:422)
	at org.apache.openejb.core.ivm.BaseEjbProxyHandler.invoke(BaseEjbProxyHandler.java:326)
	at com.sun.proxy.$Proxy95.createAuthor(Unknown Source)
	at test.RestClientTest.test(RestClientTest.java:15)
	at sun.reflect.NativeMethodAccessorImpl.invoke0(Native Method)
	at sun.reflect.NativeMethodAccessorImpl.invoke(NativeMethodAccessorImpl.java:62)
	at sun.reflect.DelegatingMethodAccessorImpl.invoke(DelegatingMethodAccessorImpl.java:43)
	at java.lang.reflect.Method.invoke(Method.java:483)
	at org.testng.internal.MethodInvocationHelper.invokeMethod(MethodInvocationHelper.java:85)
	at org.testng.internal.Invoker.invokeMethod(Invoker.java:639)
	at org.testng.internal.Invoker.invokeTestMethod(Invoker.java:816)
	at org.testng.internal.Invoker.invokeTestMethods(Invoker.java:1124)
	at org.testng.internal.TestMethodWorker.invokeTestMethods(TestMethodWorker.java:125)
	at org.testng.internal.TestMethodWorker.run(TestMethodWorker.java:108)
	at org.testng.TestRunner.privateRun(TestRunner.java:774)
	at org.testng.TestRunner.run(TestRunner.java:624)
	at org.testng.SuiteRunner.runTest(SuiteRunner.java:359)
	at org.testng.SuiteRunner.runSequentially(SuiteRunner.java:354)
	at org.testng.SuiteRunner.privateRun(SuiteRunner.java:312)
	at org.testng.SuiteRunner.run(SuiteRunner.java:261)
	at org.testng.SuiteRunnerWorker.runSuite(SuiteRunnerWorker.java:52)
	at org.testng.SuiteRunnerWorker.run(SuiteRunnerWorker.java:86)
	at org.testng.TestNG.runSuitesSequentially(TestNG.java:1215)
	at org.testng.TestNG.runSuitesLocally(TestNG.java:1140)
	at org.testng.TestNG.run(TestNG.java:1048)
	at org.testng.remote.RemoteTestNG.run(RemoteTestNG.java:112)
	at org.testng.remote.RemoteTestNG.initAndRun(RemoteTestNG.java:205)
	at org.testng.remote.RemoteTestNG.main(RemoteTestNG.java:176)
Caused by: java.lang.RuntimeException: java.lang.ClassNotFoundException: org.glassfish.jersey.client.JerseyClientBuilder
	at javax.ws.rs.client.ClientBuilder.newBuilder(ClientBuilder.java:103)
	at javax.ws.rs.client.ClientBuilder.newClient(ClientBuilder.java:114)
	at com.softserveinc.rest.client.AuthorClient.createAuthor(AuthorClient.java:22)
	at sun.reflect.NativeMethodAccessorImpl.invoke0(Native Method)
	at sun.reflect.NativeMethodAccessorImpl.invoke(NativeMethodAccessorImpl.java:62)
	at sun.reflect.DelegatingMethodAccessorImpl.invoke(DelegatingMethodAccessorImpl.java:43)
	at java.lang.reflect.Method.invoke(Method.java:483)
	at org.apache.openejb.core.interceptor.ReflectionInvocationContext$Invocation.invoke(ReflectionInvocationContext.java:192)
	at org.apache.openejb.core.interceptor.ReflectionInvocationContext.proceed(ReflectionInvocationContext.java:173)
	at org.apache.openejb.monitoring.StatsInterceptor.record(StatsInterceptor.java:181)
	at org.apache.openejb.monitoring.StatsInterceptor.invoke(StatsInterceptor.java:100)
	at sun.reflect.NativeMethodAccessorImpl.invoke0(Native Method)
	at sun.reflect.NativeMethodAccessorImpl.invoke(NativeMethodAccessorImpl.java:62)
	at sun.reflect.DelegatingMethodAccessorImpl.invoke(DelegatingMethodAccessorImpl.java:43)
	at java.lang.reflect.Method.invoke(Method.java:483)
	at org.apache.openejb.core.interceptor.ReflectionInvocationContext$Invocation.invoke(ReflectionInvocationContext.java:192)
	at org.apache.openejb.core.interceptor.ReflectionInvocationContext.proceed(ReflectionInvocationContext.java:173)
	at org.apache.openejb.core.interceptor.InterceptorStack.invoke(InterceptorStack.java:85)
	at org.apache.openejb.core.stateless.StatelessContainer._invoke(StatelessContainer.java:227)
	at org.apache.openejb.core.stateless.StatelessContainer.invoke(StatelessContainer.java:194)
	at org.apache.openejb.core.ivm.EjbObjectProxyHandler.synchronizedBusinessMethod(EjbObjectProxyHandler.java:308)
	at org.apache.openejb.core.ivm.EjbObjectProxyHandler.businessMethod(EjbObjectProxyHandler.java:303)
	at org.apache.openejb.core.ivm.EjbObjectProxyHandler._invoke(EjbObjectProxyHandler.java:92)
	at org.apache.openejb.core.ivm.BaseEjbProxyHandler.invoke(BaseEjbProxyHandler.java:322)
	... 26 more
Caused by: java.lang.ClassNotFoundException: org.glassfish.jersey.client.JerseyClientBuilder
	at java.net.URLClassLoader$1.run(URLClassLoader.java:372)
	at java.net.URLClassLoader$1.run(URLClassLoader.java:361)
	at java.security.AccessController.doPrivileged(Native Method)
	at java.net.URLClassLoader.findClass(URLClassLoader.java:360)
	at java.lang.ClassLoader.loadClass(ClassLoader.java:424)
	at sun.misc.Launcher$AppClassLoader.loadClass(Launcher.java:308)
	at java.lang.ClassLoader.loadClass(ClassLoader.java:357)
	at java.lang.Class.forName0(Native Method)
	at java.lang.Class.forName(Class.java:260)
	at javax.ws.rs.client.FactoryFinder.newInstance(FactoryFinder.java:113)
	at javax.ws.rs.client.FactoryFinder.find(FactoryFinder.java:206)
	at javax.ws.rs.client.ClientBuilder.newBuilder(ClientBuilder.java:86)
	... 49 more
]]>
            </full-stacktrace>
          </exception> <!-- javax.ejb.EJBException -->
          <reporter-output>
          </reporter-output>
        </test-method> <!-- test -->
        <test-method status="PASS" signature="tearDown()[pri:0, instance:test.RestClientTest@210366b4]" name="tearDown" is-config="true" duration-ms="411" started-at="2016-01-26T01:06:05Z" finished-at="2016-01-26T01:06:05Z">
          <reporter-output>
          </reporter-output>
        </test-method> <!-- tearDown -->
        <test-method status="PASS" signature="closeEJBSession()[pri:0, instance:test.RestClientTest@210366b4]" name="closeEJBSession" is-config="true" duration-ms="1" started-at="2016-01-26T01:06:05Z" finished-at="2016-01-26T01:06:05Z">
          <reporter-output>
          </reporter-output>
        </test-method> <!-- closeEJBSession -->
      </class> <!-- test.RestClientTest -->
    </test> <!-- Default test -->
  </suite> <!-- Default suite -->
</testng-results>
