<?xml version="1.0" encoding="UTF-8"?>
<testng-results skipped="2" failed="0" total="2" passed="0">
  <reporter-output>
  </reporter-output>
  <suite name="Default suite" duration-ms="47" started-at="2016-02-08T15:30:27Z" finished-at="2016-02-08T15:30:27Z">
    <groups>
    </groups>
    <test name="Default test" duration-ms="47" started-at="2016-02-08T15:30:27Z" finished-at="2016-02-08T15:30:27Z">
      <class name="com.softserveinc.model.persist.facade.AuthorFacadeTest">
        <test-method status="PASS" signature="getRemoteBeans()[pri:0, instance:com.softserveinc.model.persist.facade.AuthorFacadeTest@46daef40]" name="getRemoteBeans" is-config="true" duration-ms="4641" started-at="2016-02-08T17:30:22Z" finished-at="2016-02-08T17:30:27Z">
          <reporter-output>
          </reporter-output>
        </test-method> <!-- getRemoteBeans -->
        <test-method status="FAIL" signature="setUp()[pri:0, instance:com.softserveinc.model.persist.facade.AuthorFacadeTest@46daef40]" name="setUp" is-config="true" duration-ms="0" started-at="2016-02-08T17:30:27Z" finished-at="2016-02-08T17:30:27Z">
          <exception class="java.lang.NullPointerException">
            <full-stacktrace>
              <![CDATA[java.lang.NullPointerException
	at com.softserveinc.model.util.DBUnitHelper.insertTestingData(DBUnitHelper.java:116)
	at com.softserveinc.model.util.BaseTest.setUp(BaseTest.java:67)
	at sun.reflect.NativeMethodAccessorImpl.invoke0(Native Method)
	at sun.reflect.NativeMethodAccessorImpl.invoke(NativeMethodAccessorImpl.java:62)
	at sun.reflect.DelegatingMethodAccessorImpl.invoke(DelegatingMethodAccessorImpl.java:43)
	at java.lang.reflect.Method.invoke(Method.java:497)
	at org.testng.internal.MethodInvocationHelper.invokeMethod(MethodInvocationHelper.java:85)
	at org.testng.internal.Invoker.invokeConfigurationMethod(Invoker.java:510)
	at org.testng.internal.Invoker.invokeConfigurations(Invoker.java:211)
	at org.testng.internal.Invoker.invokeConfigurations(Invoker.java:138)
	at org.testng.internal.TestMethodWorker.invokeBeforeClassMethods(TestMethodWorker.java:170)
	at org.testng.internal.TestMethodWorker.run(TestMethodWorker.java:104)
	at org.testng.TestRunner.privateRun(TestRunner.java:774)
	at org.testng.TestRunner.run(TestRunner.java:624)
	at org.testng.SuiteRunner.runTest(SuiteRunner.java:359)
	at org.testng.SuiteRunner.runSequentially(SuiteRunner.java:354)
	at org.testng.SuiteRunner.privateRun(SuiteRunner.java:312)
	at org.testng.SuiteRunner.run(SuiteRunner.java:261)
	at org.testng.SuiteRunnerWorker.runSuite(SuiteRunnerWorker.java:52)
	at org.testng.SuiteRunnerWorker.run(SuiteRunnerWorker.java:86)
	at org.testng.TestNG.runSuitesSequentially(TestNG.java:1215)
	at org.testng.TestNG.runSuitesLocally(TestNG.java:1140)
	at org.testng.TestNG.run(TestNG.java:1048)
	at org.testng.remote.RemoteTestNG.run(RemoteTestNG.java:112)
	at org.testng.remote.RemoteTestNG.initAndRun(RemoteTestNG.java:205)
	at org.testng.remote.RemoteTestNG.main(RemoteTestNG.java:176)
]]>
            </full-stacktrace>
          </exception> <!-- java.lang.NullPointerException -->
          <reporter-output>
          </reporter-output>
        </test-method> <!-- setUp -->
        <test-method status="SKIP" signature="testFindAllAuthorsByBook()[pri:0, instance:com.softserveinc.model.persist.facade.AuthorFacadeTest@46daef40]" name="testFindAllAuthorsByBook" duration-ms="1" started-at="2016-02-08T17:30:27Z" finished-at="2016-02-08T17:30:27Z">
          <reporter-output>
          </reporter-output>
        </test-method> <!-- testFindAllAuthorsByBook -->
        <test-method status="SKIP" signature="testFindAuthorByFullName()[pri:0, instance:com.softserveinc.model.persist.facade.AuthorFacadeTest@46daef40]" name="testFindAuthorByFullName" duration-ms="2" started-at="2016-02-08T17:30:27Z" finished-at="2016-02-08T17:30:27Z">
          <reporter-output>
          </reporter-output>
        </test-method> <!-- testFindAuthorByFullName -->
        <test-method status="SKIP" signature="tearDown()[pri:0, instance:com.softserveinc.model.persist.facade.AuthorFacadeTest@46daef40]" name="tearDown" is-config="true" duration-ms="0" started-at="2016-02-08T17:30:27Z" finished-at="2016-02-08T17:30:27Z">
          <reporter-output>
          </reporter-output>
        </test-method> <!-- tearDown -->
        <test-method status="SKIP" signature="closeEJBSession()[pri:0, instance:com.softserveinc.model.persist.facade.AuthorFacadeTest@46daef40]" name="closeEJBSession" is-config="true" duration-ms="0" started-at="2016-02-08T17:30:27Z" finished-at="2016-02-08T17:30:27Z">
          <reporter-output>
          </reporter-output>
        </test-method> <!-- closeEJBSession -->
      </class> <!-- com.softserveinc.model.persist.facade.AuthorFacadeTest -->
    </test> <!-- Default test -->
  </suite> <!-- Default suite -->
</testng-results>
