<?xml version="1.0" encoding="UTF-8"?>
<testng-results skipped="0" failed="0" total="19" passed="19">
  <reporter-output>
  </reporter-output>
  <suite name="BookLibrary-cdiTest" duration-ms="4124" started-at="2015-12-30T15:35:03Z" finished-at="2015-12-30T15:35:07Z">
    <groups>
    </groups>
    <test name="homes" duration-ms="2414" started-at="2015-12-30T15:35:03Z" finished-at="2015-12-30T15:35:06Z">
      <class name="com.softserveinc.model.persist.home.AuthorHomeTest">
        <test-method status="PASS" signature="setUp()[pri:0, instance:com.softserveinc.model.persist.home.AuthorHomeTest@520a3426]" name="setUp" is-config="true" duration-ms="411" started-at="2015-12-30T17:35:05Z" finished-at="2015-12-30T17:35:06Z">
          <reporter-output>
          </reporter-output>
        </test-method> <!-- setUp -->
        <test-method status="PASS" signature="testCreateAuthor()[pri:0, instance:com.softserveinc.model.persist.home.AuthorHomeTest@520a3426]" name="testCreateAuthor" duration-ms="20" started-at="2015-12-30T17:35:06Z" finished-at="2015-12-30T17:35:06Z">
          <reporter-output>
          </reporter-output>
        </test-method> <!-- testCreateAuthor -->
        <test-method status="PASS" signature="testUpdateAuthor()[pri:0, instance:com.softserveinc.model.persist.home.AuthorHomeTest@520a3426]" name="testUpdateAuthor" duration-ms="30" started-at="2015-12-30T17:35:06Z" finished-at="2015-12-30T17:35:06Z">
          <reporter-output>
          </reporter-output>
        </test-method> <!-- testUpdateAuthor -->
        <test-method status="PASS" signature="testFindAllAuthors()[pri:0, instance:com.softserveinc.model.persist.home.AuthorHomeTest@520a3426]" name="testFindAllAuthors" duration-ms="10" started-at="2015-12-30T17:35:06Z" depends-on-methods="com.softserveinc.model.persist.home.AuthorHomeTest.testCreateAuthor" finished-at="2015-12-30T17:35:06Z">
          <reporter-output>
          </reporter-output>
        </test-method> <!-- testFindAllAuthors -->
        <test-method status="PASS" signature="tearDown()[pri:0, instance:com.softserveinc.model.persist.home.AuthorHomeTest@520a3426]" name="tearDown" is-config="true" duration-ms="130" started-at="2015-12-30T17:35:06Z" finished-at="2015-12-30T17:35:06Z">
          <reporter-output>
          </reporter-output>
        </test-method> <!-- tearDown -->
        <test-method status="PASS" signature="testFindByIdAuthor()[pri:0, instance:com.softserveinc.model.persist.home.AuthorHomeTest@520a3426]" name="testFindByIdAuthor" duration-ms="0" started-at="2015-12-30T17:35:06Z" depends-on-methods="com.softserveinc.model.persist.home.AuthorHomeTest.testCreateAuthor" finished-at="2015-12-30T17:35:06Z">
          <reporter-output>
          </reporter-output>
        </test-method> <!-- testFindByIdAuthor -->
      </class> <!-- com.softserveinc.model.persist.home.AuthorHomeTest -->
      <class name="com.softserveinc.model.persist.home.BookHomeTest">
        <test-method status="PASS" signature="setUp()[pri:0, instance:com.softserveinc.model.persist.home.BookHomeTest@370736d9]" name="setUp" is-config="true" duration-ms="642" started-at="2015-12-30T17:35:03Z" finished-at="2015-12-30T17:35:04Z">
          <reporter-output>
          </reporter-output>
        </test-method> <!-- setUp -->
        <test-method status="PASS" signature="testCreateBook()[pri:0, instance:com.softserveinc.model.persist.home.BookHomeTest@370736d9]" name="testCreateBook" duration-ms="191" started-at="2015-12-30T17:35:04Z" finished-at="2015-12-30T17:35:04Z">
          <reporter-output>
          </reporter-output>
        </test-method> <!-- testCreateBook -->
        <test-method status="PASS" signature="testCreateBookWithAuthors()[pri:0, instance:com.softserveinc.model.persist.home.BookHomeTest@370736d9]" name="testCreateBookWithAuthors" duration-ms="70" started-at="2015-12-30T17:35:04Z" finished-at="2015-12-30T17:35:04Z">
          <reporter-output>
          </reporter-output>
        </test-method> <!-- testCreateBookWithAuthors -->
        <test-method status="PASS" signature="testUpdateBook()[pri:0, instance:com.softserveinc.model.persist.home.BookHomeTest@370736d9]" name="testUpdateBook" duration-ms="40" started-at="2015-12-30T17:35:04Z" finished-at="2015-12-30T17:35:04Z">
          <reporter-output>
          </reporter-output>
        </test-method> <!-- testUpdateBook -->
        <test-method status="PASS" signature="testFindAllBooks()[pri:0, instance:com.softserveinc.model.persist.home.BookHomeTest@370736d9]" name="testFindAllBooks" duration-ms="30" started-at="2015-12-30T17:35:04Z" depends-on-methods="com.softserveinc.model.persist.home.BookHomeTest.testCreateBook, com.softserveinc.model.persist.home.BookHomeTest.testCreateBookWithAuthors" finished-at="2015-12-30T17:35:04Z">
          <reporter-output>
          </reporter-output>
        </test-method> <!-- testFindAllBooks -->
        <test-method status="PASS" signature="testFindByIdBook()[pri:0, instance:com.softserveinc.model.persist.home.BookHomeTest@370736d9]" name="testFindByIdBook" duration-ms="10" started-at="2015-12-30T17:35:04Z" depends-on-methods="com.softserveinc.model.persist.home.BookHomeTest.testCreateBook, com.softserveinc.model.persist.home.BookHomeTest.testCreateBookWithAuthors" finished-at="2015-12-30T17:35:04Z">
          <exception class="java.lang.NullPointerException">
            <full-stacktrace>
              <![CDATA[java.lang.NullPointerException
	at com.softserveinc.model.persist.home.BookHomeTest.testFindByIdBook(BookHomeTest.java:117)
	at sun.reflect.NativeMethodAccessorImpl.invoke0(Native Method)
	at sun.reflect.NativeMethodAccessorImpl.invoke(NativeMethodAccessorImpl.java:62)
	at sun.reflect.DelegatingMethodAccessorImpl.invoke(DelegatingMethodAccessorImpl.java:43)
	at java.lang.reflect.Method.invoke(Method.java:497)
	at org.testng.internal.MethodInvocationHelper.invokeMethod(MethodInvocationHelper.java:85)
	at org.testng.internal.Invoker.invokeMethod(Invoker.java:639)
	at org.testng.internal.Invoker.invokeTestMethod(Invoker.java:816)
	at org.testng.internal.Invoker.invokeTestMethods(Invoker.java:1124)
	at org.testng.internal.TestMethodWorker.invokeTestMethods(TestMethodWorker.java:125)
	at org.testng.internal.TestMethodWorker.run(TestMethodWorker.java:108)
	at org.testng.TestRunner.privateRun(TestRunner.java:774)
	at org.testng.TestRunner.run(TestRunner.java:624)
	at org.testng.SuiteRunner.runTest(SuiteRunner.java:359)
	at org.testng.SuiteRunner.runSequentially(SuiteRunner.java:354)
	at org.testng.SuiteRunner.privateRun(SuiteRunner.java:312)
	at org.testng.SuiteRunner.run(SuiteRunner.java:261)
	at org.testng.SuiteRunnerWorker.runSuite(SuiteRunnerWorker.java:52)
	at org.testng.SuiteRunnerWorker.run(SuiteRunnerWorker.java:86)
	at org.testng.TestNG.runSuitesSequentially(TestNG.java:1215)
	at org.testng.TestNG.runSuitesLocally(TestNG.java:1140)
	at org.testng.TestNG.run(TestNG.java:1048)
	at org.testng.remote.RemoteTestNG.run(RemoteTestNG.java:112)
	at org.testng.remote.RemoteTestNG.initAndRun(RemoteTestNG.java:205)
	at org.testng.remote.RemoteTestNG.main(RemoteTestNG.java:176)
]]>
            </full-stacktrace>
          </exception> <!-- java.lang.NullPointerException -->
          <reporter-output>
          </reporter-output>
        </test-method> <!-- testFindByIdBook -->
        <test-method status="PASS" signature="tearDown()[pri:0, instance:com.softserveinc.model.persist.home.BookHomeTest@370736d9]" name="tearDown" is-config="true" duration-ms="90" started-at="2015-12-30T17:35:04Z" finished-at="2015-12-30T17:35:04Z">
          <reporter-output>
          </reporter-output>
        </test-method> <!-- tearDown -->
      </class> <!-- com.softserveinc.model.persist.home.BookHomeTest -->
      <class name="com.softserveinc.model.persist.home.ReviewHomeTest">
        <test-method status="PASS" signature="setUp()[pri:0, instance:com.softserveinc.model.persist.home.ReviewHomeTest@6b09bb57]" name="setUp" is-config="true" duration-ms="460" started-at="2015-12-30T17:35:04Z" finished-at="2015-12-30T17:35:05Z">
          <reporter-output>
          </reporter-output>
        </test-method> <!-- setUp -->
        <test-method status="PASS" signature="testCreateBook()[pri:0, instance:com.softserveinc.model.persist.home.ReviewHomeTest@6b09bb57]" name="testCreateBook" duration-ms="70" started-at="2015-12-30T17:35:05Z" finished-at="2015-12-30T17:35:05Z">
          <reporter-output>
          </reporter-output>
        </test-method> <!-- testCreateBook -->
        <test-method status="PASS" signature="testUpdateReview()[pri:0, instance:com.softserveinc.model.persist.home.ReviewHomeTest@6b09bb57]" name="testUpdateReview" duration-ms="40" started-at="2015-12-30T17:35:05Z" finished-at="2015-12-30T17:35:05Z">
          <reporter-output>
          </reporter-output>
        </test-method> <!-- testUpdateReview -->
        <test-method status="PASS" signature="testFindAllReviews()[pri:0, instance:com.softserveinc.model.persist.home.ReviewHomeTest@6b09bb57]" name="testFindAllReviews" duration-ms="20" started-at="2015-12-30T17:35:05Z" depends-on-methods="com.softserveinc.model.persist.home.ReviewHomeTest.testCreateBook" finished-at="2015-12-30T17:35:05Z">
          <reporter-output>
          </reporter-output>
        </test-method> <!-- testFindAllReviews -->
        <test-method status="PASS" signature="testFindByIdBook()[pri:0, instance:com.softserveinc.model.persist.home.ReviewHomeTest@6b09bb57]" name="testFindByIdBook" duration-ms="10" started-at="2015-12-30T17:35:05Z" depends-on-methods="com.softserveinc.model.persist.home.ReviewHomeTest.testCreateBook" finished-at="2015-12-30T17:35:05Z">
          <exception class="java.lang.NullPointerException">
            <full-stacktrace>
              <![CDATA[java.lang.NullPointerException
	at com.softserveinc.model.persist.home.ReviewHomeTest.testFindByIdBook(ReviewHomeTest.java:73)
	at sun.reflect.NativeMethodAccessorImpl.invoke0(Native Method)
	at sun.reflect.NativeMethodAccessorImpl.invoke(NativeMethodAccessorImpl.java:62)
	at sun.reflect.DelegatingMethodAccessorImpl.invoke(DelegatingMethodAccessorImpl.java:43)
	at java.lang.reflect.Method.invoke(Method.java:497)
	at org.testng.internal.MethodInvocationHelper.invokeMethod(MethodInvocationHelper.java:85)
	at org.testng.internal.Invoker.invokeMethod(Invoker.java:639)
	at org.testng.internal.Invoker.invokeTestMethod(Invoker.java:816)
	at org.testng.internal.Invoker.invokeTestMethods(Invoker.java:1124)
	at org.testng.internal.TestMethodWorker.invokeTestMethods(TestMethodWorker.java:125)
	at org.testng.internal.TestMethodWorker.run(TestMethodWorker.java:108)
	at org.testng.TestRunner.privateRun(TestRunner.java:774)
	at org.testng.TestRunner.run(TestRunner.java:624)
	at org.testng.SuiteRunner.runTest(SuiteRunner.java:359)
	at org.testng.SuiteRunner.runSequentially(SuiteRunner.java:354)
	at org.testng.SuiteRunner.privateRun(SuiteRunner.java:312)
	at org.testng.SuiteRunner.run(SuiteRunner.java:261)
	at org.testng.SuiteRunnerWorker.runSuite(SuiteRunnerWorker.java:52)
	at org.testng.SuiteRunnerWorker.run(SuiteRunnerWorker.java:86)
	at org.testng.TestNG.runSuitesSequentially(TestNG.java:1215)
	at org.testng.TestNG.runSuitesLocally(TestNG.java:1140)
	at org.testng.TestNG.run(TestNG.java:1048)
	at org.testng.remote.RemoteTestNG.run(RemoteTestNG.java:112)
	at org.testng.remote.RemoteTestNG.initAndRun(RemoteTestNG.java:205)
	at org.testng.remote.RemoteTestNG.main(RemoteTestNG.java:176)
]]>
            </full-stacktrace>
          </exception> <!-- java.lang.NullPointerException -->
          <reporter-output>
          </reporter-output>
        </test-method> <!-- testFindByIdBook -->
        <test-method status="PASS" signature="tearDown()[pri:0, instance:com.softserveinc.model.persist.home.ReviewHomeTest@6b09bb57]" name="tearDown" is-config="true" duration-ms="120" started-at="2015-12-30T17:35:05Z" finished-at="2015-12-30T17:35:05Z">
          <reporter-output>
          </reporter-output>
        </test-method> <!-- tearDown -->
      </class> <!-- com.softserveinc.model.persist.home.ReviewHomeTest -->
    </test> <!-- homes -->
    <test name="facades" duration-ms="1690" started-at="2015-12-30T15:35:06Z" finished-at="2015-12-30T15:35:07Z">
      <class name="com.softserveinc.model.persist.facade.BookFacadeTest">
        <test-method status="PASS" signature="setUp()[pri:0, instance:com.softserveinc.model.persist.facade.BookFacadeTest@7fac631b]" name="setUp" is-config="true" duration-ms="446" started-at="2015-12-30T17:35:06Z" finished-at="2015-12-30T17:35:07Z">
          <reporter-output>
          </reporter-output>
        </test-method> <!-- setUp -->
        <test-method status="PASS" signature="testFindBookByISNBN()[pri:0, instance:com.softserveinc.model.persist.facade.BookFacadeTest@7fac631b]" name="testFindBookByISNBN" duration-ms="10" started-at="2015-12-30T17:35:07Z" finished-at="2015-12-30T17:35:07Z">
          <reporter-output>
          </reporter-output>
        </test-method> <!-- testFindBookByISNBN -->
        <test-method status="PASS" signature="testFindBookByName()[pri:0, instance:com.softserveinc.model.persist.facade.BookFacadeTest@7fac631b]" name="testFindBookByName" duration-ms="10" started-at="2015-12-30T17:35:07Z" finished-at="2015-12-30T17:35:07Z">
          <reporter-output>
          </reporter-output>
        </test-method> <!-- testFindBookByName -->
        <test-method status="PASS" signature="testFindBooksByPublisher()[pri:0, instance:com.softserveinc.model.persist.facade.BookFacadeTest@7fac631b]" name="testFindBooksByPublisher" duration-ms="10" started-at="2015-12-30T17:35:07Z" finished-at="2015-12-30T17:35:07Z">
          <reporter-output>
          </reporter-output>
        </test-method> <!-- testFindBooksByPublisher -->
        <test-method status="PASS" signature="testFindCountBooks()[pri:0, instance:com.softserveinc.model.persist.facade.BookFacadeTest@7fac631b]" name="testFindCountBooks" duration-ms="10" started-at="2015-12-30T17:35:07Z" finished-at="2015-12-30T17:35:07Z">
          <reporter-output>
          </reporter-output>
        </test-method> <!-- testFindCountBooks -->
        <test-method status="PASS" signature="tearDown()[pri:0, instance:com.softserveinc.model.persist.facade.BookFacadeTest@7fac631b]" name="tearDown" is-config="true" duration-ms="90" started-at="2015-12-30T17:35:07Z" finished-at="2015-12-30T17:35:07Z">
          <reporter-output>
          </reporter-output>
        </test-method> <!-- tearDown -->
      </class> <!-- com.softserveinc.model.persist.facade.BookFacadeTest -->
      <class name="com.softserveinc.model.persist.facade.ReviewFacadeTest">
        <test-method status="PASS" signature="setUp()[pri:0, instance:com.softserveinc.model.persist.facade.ReviewFacadeTest@5b87ed94]" name="setUp" is-config="true" duration-ms="441" started-at="2015-12-30T17:35:07Z" finished-at="2015-12-30T17:35:07Z">
          <reporter-output>
          </reporter-output>
        </test-method> <!-- setUp -->
        <test-method status="PASS" signature="testFindAllReviewsByCommenter()[pri:0, instance:com.softserveinc.model.persist.facade.ReviewFacadeTest@5b87ed94]" name="testFindAllReviewsByCommenter" duration-ms="20" started-at="2015-12-30T17:35:07Z" finished-at="2015-12-30T17:35:07Z">
          <reporter-output>
          </reporter-output>
        </test-method> <!-- testFindAllReviewsByCommenter -->
        <test-method status="PASS" signature="tearDown()[pri:0, instance:com.softserveinc.model.persist.facade.ReviewFacadeTest@5b87ed94]" name="tearDown" is-config="true" duration-ms="100" started-at="2015-12-30T17:35:07Z" finished-at="2015-12-30T17:35:07Z">
          <reporter-output>
          </reporter-output>
        </test-method> <!-- tearDown -->
      </class> <!-- com.softserveinc.model.persist.facade.ReviewFacadeTest -->
      <class name="com.softserveinc.model.persist.facade.AuthorFacadeTest">
        <test-method status="PASS" signature="getRemoteBeans()[pri:0, instance:com.softserveinc.model.persist.facade.AuthorFacadeTest@887af79]" name="getRemoteBeans" is-config="true" duration-ms="2952" started-at="2015-12-30T17:35:00Z" finished-at="2015-12-30T17:35:03Z">
          <reporter-output>
          </reporter-output>
        </test-method> <!-- getRemoteBeans -->
        <test-method status="PASS" signature="setUp()[pri:0, instance:com.softserveinc.model.persist.facade.AuthorFacadeTest@887af79]" name="setUp" is-config="true" duration-ms="442" started-at="2015-12-30T17:35:06Z" finished-at="2015-12-30T17:35:06Z">
          <reporter-output>
          </reporter-output>
        </test-method> <!-- setUp -->
        <test-method status="PASS" signature="testFindAuthorByFullName()[pri:0, instance:com.softserveinc.model.persist.facade.AuthorFacadeTest@887af79]" name="testFindAuthorByFullName" duration-ms="10" started-at="2015-12-30T17:35:06Z" finished-at="2015-12-30T17:35:06Z">
          <reporter-output>
          </reporter-output>
        </test-method> <!-- testFindAuthorByFullName -->
        <test-method status="PASS" signature="tearDown()[pri:0, instance:com.softserveinc.model.persist.facade.AuthorFacadeTest@887af79]" name="tearDown" is-config="true" duration-ms="101" started-at="2015-12-30T17:35:06Z" finished-at="2015-12-30T17:35:06Z">
          <reporter-output>
          </reporter-output>
        </test-method> <!-- tearDown -->
        <test-method status="PASS" signature="closeEJBSession()[pri:0, instance:com.softserveinc.model.persist.facade.AuthorFacadeTest@887af79]" name="closeEJBSession" is-config="true" duration-ms="10" started-at="2015-12-30T17:35:07Z" finished-at="2015-12-30T17:35:07Z">
          <reporter-output>
          </reporter-output>
        </test-method> <!-- closeEJBSession -->
      </class> <!-- com.softserveinc.model.persist.facade.AuthorFacadeTest -->
    </test> <!-- facades -->
  </suite> <!-- BookLibrary-cdiTest -->
</testng-results>
