<?xml version="1.0" encoding="UTF-8"?>
<testng-results skipped="0" failed="0" total="21" passed="21">
  <reporter-output>
  </reporter-output>
  <suite name="BookLibrary-cdiTest" duration-ms="7043" started-at="2015-12-21T18:59:29Z" finished-at="2015-12-21T18:59:36Z">
    <groups>
    </groups>
    <test name="homes" duration-ms="4652" started-at="2015-12-21T18:59:29Z" finished-at="2015-12-21T18:59:34Z">
      <class name="com.softserveinc.model.persist.home.AuthorHomeTest">
        <test-method status="PASS" signature="setUp()[pri:0, instance:com.softserveinc.model.persist.home.AuthorHomeTest@47ef968d]" name="setUp" is-config="true" duration-ms="640" started-at="2015-12-21T20:59:33Z" finished-at="2015-12-21T20:59:33Z">
          <reporter-output>
          </reporter-output>
        </test-method> <!-- setUp -->
        <test-method status="PASS" signature="testCreateAuthor()[pri:0, instance:com.softserveinc.model.persist.home.AuthorHomeTest@47ef968d]" name="testCreateAuthor" duration-ms="25" started-at="2015-12-21T20:59:33Z" finished-at="2015-12-21T20:59:33Z">
          <reporter-output>
          </reporter-output>
        </test-method> <!-- testCreateAuthor -->
        <test-method status="PASS" signature="testUpdateAuthor()[pri:0, instance:com.softserveinc.model.persist.home.AuthorHomeTest@47ef968d]" name="testUpdateAuthor" duration-ms="45" started-at="2015-12-21T20:59:33Z" finished-at="2015-12-21T20:59:33Z">
          <reporter-output>
          </reporter-output>
        </test-method> <!-- testUpdateAuthor -->
        <test-method status="PASS" signature="testFindAllAuthors()[pri:0, instance:com.softserveinc.model.persist.home.AuthorHomeTest@47ef968d]" name="testFindAllAuthors" duration-ms="6" started-at="2015-12-21T20:59:33Z" depends-on-methods="com.softserveinc.model.persist.home.AuthorHomeTest.testCreateAuthor" finished-at="2015-12-21T20:59:33Z">
          <reporter-output>
          </reporter-output>
        </test-method> <!-- testFindAllAuthors -->
        <test-method status="PASS" signature="testFindByIdAuthor()[pri:0, instance:com.softserveinc.model.persist.home.AuthorHomeTest@47ef968d]" name="testFindByIdAuthor" duration-ms="4" started-at="2015-12-21T20:59:33Z" depends-on-methods="com.softserveinc.model.persist.home.AuthorHomeTest.testCreateAuthor" finished-at="2015-12-21T20:59:33Z">
          <reporter-output>
          </reporter-output>
        </test-method> <!-- testFindByIdAuthor -->
        <test-method status="PASS" signature="tearDown()[pri:0, instance:com.softserveinc.model.persist.home.AuthorHomeTest@47ef968d]" name="tearDown" is-config="true" duration-ms="159" started-at="2015-12-21T20:59:33Z" finished-at="2015-12-21T20:59:34Z">
          <reporter-output>
          </reporter-output>
        </test-method> <!-- tearDown -->
      </class> <!-- com.softserveinc.model.persist.home.AuthorHomeTest -->
      <class name="com.softserveinc.model.persist.home.BookHomeTest">
        <test-method status="PASS" signature="setUp()[pri:0, instance:com.softserveinc.model.persist.home.BookHomeTest@887af79]" name="setUp" is-config="true" duration-ms="1960" started-at="2015-12-21T20:59:29Z" finished-at="2015-12-21T20:59:31Z">
          <reporter-output>
          </reporter-output>
        </test-method> <!-- setUp -->
        <test-method status="PASS" signature="testCreateBook()[pri:0, instance:com.softserveinc.model.persist.home.BookHomeTest@887af79]" name="testCreateBook" duration-ms="272" started-at="2015-12-21T20:59:31Z" finished-at="2015-12-21T20:59:31Z">
          <reporter-output>
          </reporter-output>
        </test-method> <!-- testCreateBook -->
        <test-method status="PASS" signature="testCreateBookWithAuthors()[pri:0, instance:com.softserveinc.model.persist.home.BookHomeTest@887af79]" name="testCreateBookWithAuthors" duration-ms="49" started-at="2015-12-21T20:59:31Z" finished-at="2015-12-21T20:59:31Z">
          <reporter-output>
          </reporter-output>
        </test-method> <!-- testCreateBookWithAuthors -->
        <test-method status="PASS" signature="testUpdateBook()[pri:0, instance:com.softserveinc.model.persist.home.BookHomeTest@887af79]" name="testUpdateBook" duration-ms="112" started-at="2015-12-21T20:59:31Z" finished-at="2015-12-21T20:59:31Z">
          <reporter-output>
          </reporter-output>
        </test-method> <!-- testUpdateBook -->
        <test-method status="PASS" signature="testFindAllBooks()[pri:0, instance:com.softserveinc.model.persist.home.BookHomeTest@887af79]" name="testFindAllBooks" duration-ms="32" started-at="2015-12-21T20:59:31Z" depends-on-methods="com.softserveinc.model.persist.home.BookHomeTest.testCreateBook, com.softserveinc.model.persist.home.BookHomeTest.testCreateBookWithAuthors" finished-at="2015-12-21T20:59:31Z">
          <reporter-output>
          </reporter-output>
        </test-method> <!-- testFindAllBooks -->
        <test-method status="PASS" signature="testFindByIdBook()[pri:0, instance:com.softserveinc.model.persist.home.BookHomeTest@887af79]" name="testFindByIdBook" duration-ms="13" started-at="2015-12-21T20:59:31Z" depends-on-methods="com.softserveinc.model.persist.home.BookHomeTest.testCreateBook, com.softserveinc.model.persist.home.BookHomeTest.testCreateBookWithAuthors" finished-at="2015-12-21T20:59:31Z">
          <exception class="java.lang.NullPointerException">
            <full-stacktrace>
              <![CDATA[java.lang.NullPointerException
	at com.softserveinc.model.persist.home.BookHomeTest.testFindByIdBook(BookHomeTest.java:117)
	at sun.reflect.NativeMethodAccessorImpl.invoke0(Native Method)
	at sun.reflect.NativeMethodAccessorImpl.invoke(NativeMethodAccessorImpl.java:62)
	at sun.reflect.DelegatingMethodAccessorImpl.invoke(DelegatingMethodAccessorImpl.java:43)
	at java.lang.reflect.Method.invoke(Method.java:497)
	at org.testng.internal.MethodInvocationHelper.invokeMethod(MethodInvocationHelper.java:85)
	at org.testng.internal.Invoker.invokeMethod(Invoker.java:639)
	at org.testng.internal.Invoker.invokeTestMethod(Invoker.java:816)
	at org.testng.internal.Invoker.invokeTestMethods(Invoker.java:1124)
	at org.testng.internal.TestMethodWorker.invokeTestMethods(TestMethodWorker.java:125)
	at org.testng.internal.TestMethodWorker.run(TestMethodWorker.java:108)
	at org.testng.TestRunner.privateRun(TestRunner.java:774)
	at org.testng.TestRunner.run(TestRunner.java:624)
	at org.testng.SuiteRunner.runTest(SuiteRunner.java:359)
	at org.testng.SuiteRunner.runSequentially(SuiteRunner.java:354)
	at org.testng.SuiteRunner.privateRun(SuiteRunner.java:312)
	at org.testng.SuiteRunner.run(SuiteRunner.java:261)
	at org.testng.SuiteRunnerWorker.runSuite(SuiteRunnerWorker.java:52)
	at org.testng.SuiteRunnerWorker.run(SuiteRunnerWorker.java:86)
	at org.testng.TestNG.runSuitesSequentially(TestNG.java:1215)
	at org.testng.TestNG.runSuitesLocally(TestNG.java:1140)
	at org.testng.TestNG.run(TestNG.java:1048)
	at org.testng.remote.RemoteTestNG.run(RemoteTestNG.java:112)
	at org.testng.remote.RemoteTestNG.initAndRun(RemoteTestNG.java:205)
	at org.testng.remote.RemoteTestNG.main(RemoteTestNG.java:176)
]]>
            </full-stacktrace>
          </exception> <!-- java.lang.NullPointerException -->
          <reporter-output>
          </reporter-output>
        </test-method> <!-- testFindByIdBook -->
        <test-method status="PASS" signature="tearDown()[pri:0, instance:com.softserveinc.model.persist.home.BookHomeTest@887af79]" name="tearDown" is-config="true" duration-ms="311" started-at="2015-12-21T20:59:31Z" finished-at="2015-12-21T20:59:32Z">
          <reporter-output>
          </reporter-output>
        </test-method> <!-- tearDown -->
      </class> <!-- com.softserveinc.model.persist.home.BookHomeTest -->
      <class name="com.softserveinc.model.persist.home.ReviewHomeTest">
        <test-method status="PASS" signature="setUp()[pri:0, instance:com.softserveinc.model.persist.home.ReviewHomeTest@6e0e048a]" name="setUp" is-config="true" duration-ms="649" started-at="2015-12-21T20:59:32Z" finished-at="2015-12-21T20:59:32Z">
          <reporter-output>
          </reporter-output>
        </test-method> <!-- setUp -->
        <test-method status="PASS" signature="testCreateBook()[pri:0, instance:com.softserveinc.model.persist.home.ReviewHomeTest@6e0e048a]" name="testCreateBook" duration-ms="60" started-at="2015-12-21T20:59:32Z" finished-at="2015-12-21T20:59:32Z">
          <reporter-output>
          </reporter-output>
        </test-method> <!-- testCreateBook -->
        <test-method status="PASS" signature="testUpdateReview()[pri:0, instance:com.softserveinc.model.persist.home.ReviewHomeTest@6e0e048a]" name="testUpdateReview" duration-ms="91" started-at="2015-12-21T20:59:32Z" finished-at="2015-12-21T20:59:32Z">
          <reporter-output>
          </reporter-output>
        </test-method> <!-- testUpdateReview -->
        <test-method status="PASS" signature="testFindAllReviews()[pri:0, instance:com.softserveinc.model.persist.home.ReviewHomeTest@6e0e048a]" name="testFindAllReviews" duration-ms="13" started-at="2015-12-21T20:59:32Z" depends-on-methods="com.softserveinc.model.persist.home.ReviewHomeTest.testCreateBook" finished-at="2015-12-21T20:59:32Z">
          <reporter-output>
          </reporter-output>
        </test-method> <!-- testFindAllReviews -->
        <test-method status="PASS" signature="testFindByIdBook()[pri:0, instance:com.softserveinc.model.persist.home.ReviewHomeTest@6e0e048a]" name="testFindByIdBook" duration-ms="11" started-at="2015-12-21T20:59:32Z" depends-on-methods="com.softserveinc.model.persist.home.ReviewHomeTest.testCreateBook" finished-at="2015-12-21T20:59:32Z">
          <exception class="java.lang.NullPointerException">
            <full-stacktrace>
              <![CDATA[java.lang.NullPointerException
	at com.softserveinc.model.persist.home.ReviewHomeTest.testFindByIdBook(ReviewHomeTest.java:73)
	at sun.reflect.NativeMethodAccessorImpl.invoke0(Native Method)
	at sun.reflect.NativeMethodAccessorImpl.invoke(NativeMethodAccessorImpl.java:62)
	at sun.reflect.DelegatingMethodAccessorImpl.invoke(DelegatingMethodAccessorImpl.java:43)
	at java.lang.reflect.Method.invoke(Method.java:497)
	at org.testng.internal.MethodInvocationHelper.invokeMethod(MethodInvocationHelper.java:85)
	at org.testng.internal.Invoker.invokeMethod(Invoker.java:639)
	at org.testng.internal.Invoker.invokeTestMethod(Invoker.java:816)
	at org.testng.internal.Invoker.invokeTestMethods(Invoker.java:1124)
	at org.testng.internal.TestMethodWorker.invokeTestMethods(TestMethodWorker.java:125)
	at org.testng.internal.TestMethodWorker.run(TestMethodWorker.java:108)
	at org.testng.TestRunner.privateRun(TestRunner.java:774)
	at org.testng.TestRunner.run(TestRunner.java:624)
	at org.testng.SuiteRunner.runTest(SuiteRunner.java:359)
	at org.testng.SuiteRunner.runSequentially(SuiteRunner.java:354)
	at org.testng.SuiteRunner.privateRun(SuiteRunner.java:312)
	at org.testng.SuiteRunner.run(SuiteRunner.java:261)
	at org.testng.SuiteRunnerWorker.runSuite(SuiteRunnerWorker.java:52)
	at org.testng.SuiteRunnerWorker.run(SuiteRunnerWorker.java:86)
	at org.testng.TestNG.runSuitesSequentially(TestNG.java:1215)
	at org.testng.TestNG.runSuitesLocally(TestNG.java:1140)
	at org.testng.TestNG.run(TestNG.java:1048)
	at org.testng.remote.RemoteTestNG.run(RemoteTestNG.java:112)
	at org.testng.remote.RemoteTestNG.initAndRun(RemoteTestNG.java:205)
	at org.testng.remote.RemoteTestNG.main(RemoteTestNG.java:176)
]]>
            </full-stacktrace>
          </exception> <!-- java.lang.NullPointerException -->
          <reporter-output>
          </reporter-output>
        </test-method> <!-- testFindByIdBook -->
        <test-method status="PASS" signature="tearDown()[pri:0, instance:com.softserveinc.model.persist.home.ReviewHomeTest@6e0e048a]" name="tearDown" is-config="true" duration-ms="178" started-at="2015-12-21T20:59:32Z" finished-at="2015-12-21T20:59:33Z">
          <reporter-output>
          </reporter-output>
        </test-method> <!-- tearDown -->
      </class> <!-- com.softserveinc.model.persist.home.ReviewHomeTest -->
    </test> <!-- homes -->
    <test name="facades" duration-ms="2367" started-at="2015-12-21T18:59:34Z" finished-at="2015-12-21T18:59:36Z">
      <class name="com.softserveinc.model.persist.facade.BookFacadeTest">
        <test-method status="PASS" signature="setUp()[pri:0, instance:com.softserveinc.model.persist.facade.BookFacadeTest@3224f60b]" name="setUp" is-config="true" duration-ms="536" started-at="2015-12-21T20:59:34Z" finished-at="2015-12-21T20:59:35Z">
          <reporter-output>
          </reporter-output>
        </test-method> <!-- setUp -->
        <test-method status="PASS" signature="testFindBookByISNBN()[pri:0, instance:com.softserveinc.model.persist.facade.BookFacadeTest@3224f60b]" name="testFindBookByISNBN" duration-ms="9" started-at="2015-12-21T20:59:35Z" finished-at="2015-12-21T20:59:35Z">
          <reporter-output>
          </reporter-output>
        </test-method> <!-- testFindBookByISNBN -->
        <test-method status="PASS" signature="testFindBookByName()[pri:0, instance:com.softserveinc.model.persist.facade.BookFacadeTest@3224f60b]" name="testFindBookByName" duration-ms="10" started-at="2015-12-21T20:59:35Z" finished-at="2015-12-21T20:59:35Z">
          <reporter-output>
          </reporter-output>
        </test-method> <!-- testFindBookByName -->
        <test-method status="PASS" signature="testFindBooksByAuthor()[pri:0, instance:com.softserveinc.model.persist.facade.BookFacadeTest@3224f60b]" name="testFindBooksByAuthor" duration-ms="67" started-at="2015-12-21T20:59:35Z" finished-at="2015-12-21T20:59:35Z">
          <reporter-output>
          </reporter-output>
        </test-method> <!-- testFindBooksByAuthor -->
        <test-method status="PASS" signature="testFindBooksByPublisher()[pri:0, instance:com.softserveinc.model.persist.facade.BookFacadeTest@3224f60b]" name="testFindBooksByPublisher" duration-ms="7" started-at="2015-12-21T20:59:35Z" finished-at="2015-12-21T20:59:35Z">
          <reporter-output>
          </reporter-output>
        </test-method> <!-- testFindBooksByPublisher -->
        <test-method status="PASS" signature="tearDown()[pri:0, instance:com.softserveinc.model.persist.facade.BookFacadeTest@3224f60b]" name="tearDown" is-config="true" duration-ms="155" started-at="2015-12-21T20:59:35Z" finished-at="2015-12-21T20:59:35Z">
          <reporter-output>
          </reporter-output>
        </test-method> <!-- tearDown -->
      </class> <!-- com.softserveinc.model.persist.facade.BookFacadeTest -->
      <class name="com.softserveinc.model.persist.facade.ReviewFacadeTest">
        <test-method status="PASS" signature="setUp()[pri:0, instance:com.softserveinc.model.persist.facade.ReviewFacadeTest@63e2203c]" name="setUp" is-config="true" duration-ms="500" started-at="2015-12-21T20:59:35Z" finished-at="2015-12-21T20:59:36Z">
          <reporter-output>
          </reporter-output>
        </test-method> <!-- setUp -->
        <test-method status="PASS" signature="testFindAllReviewsByCommenter()[pri:0, instance:com.softserveinc.model.persist.facade.ReviewFacadeTest@63e2203c]" name="testFindAllReviewsByCommenter" duration-ms="14" started-at="2015-12-21T20:59:36Z" finished-at="2015-12-21T20:59:36Z">
          <reporter-output>
          </reporter-output>
        </test-method> <!-- testFindAllReviewsByCommenter -->
        <test-method status="PASS" signature="testFindAverageRatingForBook()[pri:0, instance:com.softserveinc.model.persist.facade.ReviewFacadeTest@63e2203c]" name="testFindAverageRatingForBook" duration-ms="15" started-at="2015-12-21T20:59:36Z" finished-at="2015-12-21T20:59:36Z">
          <reporter-output>
          </reporter-output>
        </test-method> <!-- testFindAverageRatingForBook -->
        <test-method status="PASS" signature="tearDown()[pri:0, instance:com.softserveinc.model.persist.facade.ReviewFacadeTest@63e2203c]" name="tearDown" is-config="true" duration-ms="219" started-at="2015-12-21T20:59:36Z" finished-at="2015-12-21T20:59:36Z">
          <reporter-output>
          </reporter-output>
        </test-method> <!-- tearDown -->
      </class> <!-- com.softserveinc.model.persist.facade.ReviewFacadeTest -->
      <class name="com.softserveinc.model.persist.facade.AuthorFacadeTest">
        <test-method status="PASS" signature="getRemoteBeans()[pri:0, instance:com.softserveinc.model.persist.facade.AuthorFacadeTest@3b084709]" name="getRemoteBeans" is-config="true" duration-ms="3640" started-at="2015-12-21T20:59:25Z" finished-at="2015-12-21T20:59:29Z">
          <reporter-output>
          </reporter-output>
        </test-method> <!-- getRemoteBeans -->
        <test-method status="PASS" signature="setUp()[pri:0, instance:com.softserveinc.model.persist.facade.AuthorFacadeTest@3b084709]" name="setUp" is-config="true" duration-ms="634" started-at="2015-12-21T20:59:34Z" finished-at="2015-12-21T20:59:34Z">
          <reporter-output>
          </reporter-output>
        </test-method> <!-- setUp -->
        <test-method status="PASS" signature="testFindAllAuthorsByBook()[pri:0, instance:com.softserveinc.model.persist.facade.AuthorFacadeTest@3b084709]" name="testFindAllAuthorsByBook" duration-ms="33" started-at="2015-12-21T20:59:34Z" finished-at="2015-12-21T20:59:34Z">
          <reporter-output>
          </reporter-output>
        </test-method> <!-- testFindAllAuthorsByBook -->
        <test-method status="PASS" signature="testFindAuthorByFullName()[pri:0, instance:com.softserveinc.model.persist.facade.AuthorFacadeTest@3b084709]" name="testFindAuthorByFullName" duration-ms="9" started-at="2015-12-21T20:59:34Z" finished-at="2015-12-21T20:59:34Z">
          <reporter-output>
          </reporter-output>
        </test-method> <!-- testFindAuthorByFullName -->
        <test-method status="PASS" signature="tearDown()[pri:0, instance:com.softserveinc.model.persist.facade.AuthorFacadeTest@3b084709]" name="tearDown" is-config="true" duration-ms="157" started-at="2015-12-21T20:59:34Z" finished-at="2015-12-21T20:59:34Z">
          <reporter-output>
          </reporter-output>
        </test-method> <!-- tearDown -->
        <test-method status="PASS" signature="closeEJBSession()[pri:0, instance:com.softserveinc.model.persist.facade.AuthorFacadeTest@3b084709]" name="closeEJBSession" is-config="true" duration-ms="1" started-at="2015-12-21T20:59:36Z" finished-at="2015-12-21T20:59:36Z">
          <reporter-output>
          </reporter-output>
        </test-method> <!-- closeEJBSession -->
      </class> <!-- com.softserveinc.model.persist.facade.AuthorFacadeTest -->
    </test> <!-- facades -->
  </suite> <!-- BookLibrary-cdiTest -->
</testng-results>
