<?xml version="1.0" encoding="UTF-8"?>
<testng-results skipped="0" failed="1" total="1" passed="0">
  <reporter-output>
  </reporter-output>
  <suite name="Default suite" duration-ms="4390" started-at="2016-02-11T17:48:56Z" finished-at="2016-02-11T17:49:01Z">
    <groups>
    </groups>
    <test name="Default test" duration-ms="4390" started-at="2016-02-11T17:48:56Z" finished-at="2016-02-11T17:49:01Z">
      <class name="com.softserveinc.booklibrary.test.rest.AuthorRestTest">
        <test-method status="PASS" signature="getRemoteBeans()[pri:0, instance:com.softserveinc.booklibrary.test.rest.AuthorRestTest@f398e0b]" name="getRemoteBeans" is-config="true" duration-ms="4929" started-at="2016-02-11T19:48:51Z" finished-at="2016-02-11T19:48:56Z">
          <reporter-output>
          </reporter-output>
        </test-method> <!-- getRemoteBeans -->
        <test-method status="PASS" signature="setUp()[pri:0, instance:com.softserveinc.booklibrary.test.rest.AuthorRestTest@f398e0b]" name="setUp" is-config="true" duration-ms="4203" started-at="2016-02-11T19:48:56Z" finished-at="2016-02-11T19:49:00Z">
          <reporter-output>
          </reporter-output>
        </test-method> <!-- setUp -->
        <test-method status="FAIL" signature="test()[pri:0, instance:com.softserveinc.booklibrary.test.rest.AuthorRestTest@f398e0b]" name="test" duration-ms="57" started-at="2016-02-11T19:49:00Z" finished-at="2016-02-11T19:49:00Z">
          <exception class="javax.ejb.EJBException">
            <message>
              <![CDATA[The bean encountered a non-application exception; nested exception is: 
	java.lang.AbstractMethodError: javax.ws.rs.core.UriBuilder.uri(Ljava/lang/String;)Ljavax/ws/rs/core/UriBuilder;]]>
            </message>
            <full-stacktrace>
              <![CDATA[javax.ejb.EJBException: The bean encountered a non-application exception; nested exception is: 
	java.lang.AbstractMethodError: javax.ws.rs.core.UriBuilder.uri(Ljava/lang/String;)Ljavax/ws/rs/core/UriBuilder;
	at org.apache.openejb.core.ivm.BaseEjbProxyHandler.convertException(BaseEjbProxyHandler.java:422)
	at org.apache.openejb.core.ivm.BaseEjbProxyHandler.invoke(BaseEjbProxyHandler.java:326)
	at com.sun.proxy.$Proxy88.findById(Unknown Source)
	at com.softserveinc.booklibrary.test.rest.AuthorRestTest.test(AuthorRestTest.java:18)
	at sun.reflect.NativeMethodAccessorImpl.invoke0(Native Method)
	at sun.reflect.NativeMethodAccessorImpl.invoke(NativeMethodAccessorImpl.java:57)
	at sun.reflect.DelegatingMethodAccessorImpl.invoke(DelegatingMethodAccessorImpl.java:43)
	at java.lang.reflect.Method.invoke(Method.java:606)
	at org.testng.internal.MethodInvocationHelper.invokeMethod(MethodInvocationHelper.java:85)
	at org.testng.internal.Invoker.invokeMethod(Invoker.java:639)
	at org.testng.internal.Invoker.invokeTestMethod(Invoker.java:816)
	at org.testng.internal.Invoker.invokeTestMethods(Invoker.java:1124)
	at org.testng.internal.TestMethodWorker.invokeTestMethods(TestMethodWorker.java:125)
	at org.testng.internal.TestMethodWorker.run(TestMethodWorker.java:108)
	at org.testng.TestRunner.privateRun(TestRunner.java:774)
	at org.testng.TestRunner.run(TestRunner.java:624)
	at org.testng.SuiteRunner.runTest(SuiteRunner.java:359)
	at org.testng.SuiteRunner.runSequentially(SuiteRunner.java:354)
	at org.testng.SuiteRunner.privateRun(SuiteRunner.java:312)
	at org.testng.SuiteRunner.run(SuiteRunner.java:261)
	at org.testng.SuiteRunnerWorker.runSuite(SuiteRunnerWorker.java:52)
	at org.testng.SuiteRunnerWorker.run(SuiteRunnerWorker.java:86)
	at org.testng.TestNG.runSuitesSequentially(TestNG.java:1215)
	at org.testng.TestNG.runSuitesLocally(TestNG.java:1140)
	at org.testng.TestNG.run(TestNG.java:1048)
	at org.testng.remote.RemoteTestNG.run(RemoteTestNG.java:112)
	at org.testng.remote.RemoteTestNG.initAndRun(RemoteTestNG.java:205)
	at org.testng.remote.RemoteTestNG.main(RemoteTestNG.java:176)
Caused by: java.lang.AbstractMethodError: javax.ws.rs.core.UriBuilder.uri(Ljava/lang/String;)Ljavax/ws/rs/core/UriBuilder;
	at javax.ws.rs.core.UriBuilder.fromUri(UriBuilder.java:119)
	at org.glassfish.jersey.client.JerseyWebTarget.<init>(JerseyWebTarget.java:71)
	at org.glassfish.jersey.client.JerseyClient.target(JerseyClient.java:290)
	at org.glassfish.jersey.client.JerseyClient.target(JerseyClient.java:76)
	at com.softserveinc.booklibrary.rest.client.AuthorClientImpl.findById(AuthorClientImpl.java:29)
	at sun.reflect.NativeMethodAccessorImpl.invoke0(Native Method)
	at sun.reflect.NativeMethodAccessorImpl.invoke(NativeMethodAccessorImpl.java:57)
	at sun.reflect.DelegatingMethodAccessorImpl.invoke(DelegatingMethodAccessorImpl.java:43)
	at java.lang.reflect.Method.invoke(Method.java:606)
	at org.apache.openejb.core.interceptor.ReflectionInvocationContext$Invocation.invoke(ReflectionInvocationContext.java:192)
	at org.apache.openejb.core.interceptor.ReflectionInvocationContext.proceed(ReflectionInvocationContext.java:173)
	at org.apache.openejb.monitoring.StatsInterceptor.record(StatsInterceptor.java:181)
	at org.apache.openejb.monitoring.StatsInterceptor.invoke(StatsInterceptor.java:100)
	at sun.reflect.NativeMethodAccessorImpl.invoke0(Native Method)
	at sun.reflect.NativeMethodAccessorImpl.invoke(NativeMethodAccessorImpl.java:57)
	at sun.reflect.DelegatingMethodAccessorImpl.invoke(DelegatingMethodAccessorImpl.java:43)
	at java.lang.reflect.Method.invoke(Method.java:606)
	at org.apache.openejb.core.interceptor.ReflectionInvocationContext$Invocation.invoke(ReflectionInvocationContext.java:192)
	at org.apache.openejb.core.interceptor.ReflectionInvocationContext.proceed(ReflectionInvocationContext.java:173)
	at org.apache.openejb.core.interceptor.InterceptorStack.invoke(InterceptorStack.java:85)
	at org.apache.openejb.core.stateless.StatelessContainer._invoke(StatelessContainer.java:227)
	at org.apache.openejb.core.stateless.StatelessContainer.invoke(StatelessContainer.java:194)
	at org.apache.openejb.core.ivm.EjbObjectProxyHandler.synchronizedBusinessMethod(EjbObjectProxyHandler.java:308)
	at org.apache.openejb.core.ivm.EjbObjectProxyHandler.businessMethod(EjbObjectProxyHandler.java:303)
	at org.apache.openejb.core.ivm.EjbObjectProxyHandler._invoke(EjbObjectProxyHandler.java:92)
	at org.apache.openejb.core.ivm.BaseEjbProxyHandler.invoke(BaseEjbProxyHandler.java:322)
	... 26 more
]]>
            </full-stacktrace>
          </exception> <!-- javax.ejb.EJBException -->
          <reporter-output>
          </reporter-output>
        </test-method> <!-- test -->
        <test-method status="PASS" signature="tearDown()[pri:0, instance:com.softserveinc.booklibrary.test.rest.AuthorRestTest@f398e0b]" name="tearDown" is-config="true" duration-ms="119" started-at="2016-02-11T19:49:00Z" finished-at="2016-02-11T19:49:01Z">
          <reporter-output>
          </reporter-output>
        </test-method> <!-- tearDown -->
        <test-method status="PASS" signature="closeEJBSession()[pri:0, instance:com.softserveinc.booklibrary.test.rest.AuthorRestTest@f398e0b]" name="closeEJBSession" is-config="true" duration-ms="0" started-at="2016-02-11T19:49:01Z" finished-at="2016-02-11T19:49:01Z">
          <reporter-output>
          </reporter-output>
        </test-method> <!-- closeEJBSession -->
      </class> <!-- com.softserveinc.booklibrary.test.rest.AuthorRestTest -->
    </test> <!-- Default test -->
  </suite> <!-- Default suite -->
</testng-results>
