<?xml version="1.0" encoding="UTF-8"?>
<testng-results skipped="0" failed="1" total="1" passed="0">
  <reporter-output>
  </reporter-output>
  <suite name="Default suite" duration-ms="4231" started-at="2016-02-01T16:19:01Z" finished-at="2016-02-01T16:19:05Z">
    <groups>
    </groups>
    <test name="Default test" duration-ms="4231" started-at="2016-02-01T16:19:01Z" finished-at="2016-02-01T16:19:05Z">
      <class name="com.softserveinc.model.persist.home.BookHomeTest">
        <test-method status="PASS" signature="getRemoteBeans()[pri:0, instance:com.softserveinc.model.persist.home.BookHomeTest@35d176f7]" name="getRemoteBeans" is-config="true" duration-ms="3322" started-at="2016-02-01T18:18:58Z" finished-at="2016-02-01T18:19:01Z">
          <reporter-output>
          </reporter-output>
        </test-method> <!-- getRemoteBeans -->
        <test-method status="PASS" signature="setUp()[pri:0, instance:com.softserveinc.model.persist.home.BookHomeTest@35d176f7]" name="setUp" is-config="true" duration-ms="3907" started-at="2016-02-01T18:19:01Z" finished-at="2016-02-01T18:19:05Z">
          <reporter-output>
          </reporter-output>
        </test-method> <!-- setUp -->
        <test-method status="FAIL" signature="testCreateBook()[pri:0, instance:com.softserveinc.model.persist.home.BookHomeTest@35d176f7]" name="testCreateBook" duration-ms="129" started-at="2016-02-01T18:19:05Z" finished-at="2016-02-01T18:19:05Z">
          <exception class="java.lang.AssertionError">
            <full-stacktrace>
              <![CDATA[java.lang.AssertionError
	at org.junit.Assert.fail(Assert.java:86)
	at org.junit.Assert.assertTrue(Assert.java:41)
	at org.junit.Assert.assertNotNull(Assert.java:712)
	at org.junit.Assert.assertNotNull(Assert.java:722)
	at com.softserveinc.model.persist.home.BookHomeTest.testCreateBook(BookHomeTest.java:39)
	at sun.reflect.NativeMethodAccessorImpl.invoke0(Native Method)
	at sun.reflect.NativeMethodAccessorImpl.invoke(NativeMethodAccessorImpl.java:62)
	at sun.reflect.DelegatingMethodAccessorImpl.invoke(DelegatingMethodAccessorImpl.java:43)
	at java.lang.reflect.Method.invoke(Method.java:497)
	at org.testng.internal.MethodInvocationHelper.invokeMethod(MethodInvocationHelper.java:85)
	at org.testng.internal.Invoker.invokeMethod(Invoker.java:639)
	at org.testng.internal.Invoker.invokeTestMethod(Invoker.java:816)
	at org.testng.internal.Invoker.invokeTestMethods(Invoker.java:1124)
	at org.testng.internal.TestMethodWorker.invokeTestMethods(TestMethodWorker.java:125)
	at org.testng.internal.TestMethodWorker.run(TestMethodWorker.java:108)
	at org.testng.TestRunner.privateRun(TestRunner.java:774)
	at org.testng.TestRunner.run(TestRunner.java:624)
	at org.testng.SuiteRunner.runTest(SuiteRunner.java:359)
	at org.testng.SuiteRunner.runSequentially(SuiteRunner.java:354)
	at org.testng.SuiteRunner.privateRun(SuiteRunner.java:312)
	at org.testng.SuiteRunner.run(SuiteRunner.java:261)
	at org.testng.SuiteRunnerWorker.runSuite(SuiteRunnerWorker.java:52)
	at org.testng.SuiteRunnerWorker.run(SuiteRunnerWorker.java:86)
	at org.testng.TestNG.runSuitesSequentially(TestNG.java:1215)
	at org.testng.TestNG.runSuitesLocally(TestNG.java:1140)
	at org.testng.TestNG.run(TestNG.java:1048)
	at org.testng.remote.RemoteTestNG.run(RemoteTestNG.java:112)
	at org.testng.remote.RemoteTestNG.initAndRun(RemoteTestNG.java:205)
	at org.testng.remote.RemoteTestNG.main(RemoteTestNG.java:176)
]]>
            </full-stacktrace>
          </exception> <!-- java.lang.AssertionError -->
          <reporter-output>
          </reporter-output>
        </test-method> <!-- testCreateBook -->
        <test-method status="PASS" signature="tearDown()[pri:0, instance:com.softserveinc.model.persist.home.BookHomeTest@35d176f7]" name="tearDown" is-config="true" duration-ms="183" started-at="2016-02-01T18:19:05Z" finished-at="2016-02-01T18:19:05Z">
          <reporter-output>
          </reporter-output>
        </test-method> <!-- tearDown -->
        <test-method status="PASS" signature="closeEJBSession()[pri:0, instance:com.softserveinc.model.persist.home.BookHomeTest@35d176f7]" name="closeEJBSession" is-config="true" duration-ms="0" started-at="2016-02-01T18:19:06Z" finished-at="2016-02-01T18:19:06Z">
          <reporter-output>
          </reporter-output>
        </test-method> <!-- closeEJBSession -->
      </class> <!-- com.softserveinc.model.persist.home.BookHomeTest -->
    </test> <!-- Default test -->
  </suite> <!-- Default suite -->
</testng-results>
