<?xml version="1.0" encoding="UTF-8"?>
<!-- Generated by org.testng.reporters.JUnitXMLReporter -->
<testsuite hostname="ARBON" name="facades" tests="8" failures="0" timestamp="12 Feb 2016 09:37:36 GMT" time="20.077" errors="0">
  <testcase name="testFindAllAuthorsByBook" time="0.204" classname="com.softserveinc.model.persist.facade.AuthorFacadeTest"/>
  <testcase name="testFindAuthorByFullName" time="0.005" classname="com.softserveinc.model.persist.facade.AuthorFacadeTest"/>
  <testcase name="testFindBookByISNBN" time="0.008" classname="com.softserveinc.model.persist.facade.BookFacadeTest"/>
  <testcase name="testFindBookByName" time="0.008" classname="com.softserveinc.model.persist.facade.BookFacadeTest"/>
  <testcase name="testFindBooksByAuthor" time="0.063" classname="com.softserveinc.model.persist.facade.BookFacadeTest"/>
  <testcase name="testFindCountBooks" time="0.003" classname="com.softserveinc.model.persist.facade.BookFacadeTest"/>
  <testcase name="testFindAllReviewsByCommenter" time="0.051" classname="com.softserveinc.model.persist.facade.ReviewFacadeTest"/>
  <testcase name="testFindAverageRatingForBook" time="0.011" classname="com.softserveinc.model.persist.facade.ReviewFacadeTest"/>
</testsuite> <!-- facades -->
