<?xml version="1.0" encoding="UTF-8"?>
<!-- Generated by org.testng.reporters.JUnitXMLReporter -->
<testsuite hostname="Pavlo" name="facades" tests="8" failures="0" timestamp="20 Dec 2015 22:20:55 GMT" time="4.449" errors="0">
  <testcase name="testFindAllAuthorsByBook" time="0.02" classname="com.softserveinc.model.persist.facade.AuthorFacadeTest"/>
  <testcase name="testFindAuthorByFullName" time="0.005" classname="com.softserveinc.model.persist.facade.AuthorFacadeTest"/>
  <testcase name="testFindBookByISNBN" time="0.007" classname="com.softserveinc.model.persist.facade.BookFacadeTest"/>
  <testcase name="testFindBookByName" time="0.009" classname="com.softserveinc.model.persist.facade.BookFacadeTest"/>
  <testcase name="testFindBooksByAuthor" time="0.042" classname="com.softserveinc.model.persist.facade.BookFacadeTest"/>
  <testcase name="testFindBooksByPublisher" time="0.007" classname="com.softserveinc.model.persist.facade.BookFacadeTest"/>
  <testcase name="testFindAllReviewsByCommenter" time="0.01" classname="com.softserveinc.model.persist.facade.ReviewFacadeTest"/>
  <testcase name="testFindAverageRatingForBook" time="0.012" classname="com.softserveinc.model.persist.facade.ReviewFacadeTest"/>
</testsuite> <!-- facades -->
