<?xml version="1.0" encoding="UTF-8"?>
<!-- Generated by org.testng.reporters.JUnitXMLReporter -->
<testsuite hostname="ARBON" name="homes" tests="13" failures="0" timestamp="21 Dec 2015 18:59:34 GMT" time="4.652" errors="0">
  <testcase name="testCreateBook" time="0.272" classname="com.softserveinc.model.persist.home.BookHomeTest"/>
  <testcase name="testCreateBookWithAuthors" time="0.049" classname="com.softserveinc.model.persist.home.BookHomeTest"/>
  <testcase name="testUpdateBook" time="0.112" classname="com.softserveinc.model.persist.home.BookHomeTest"/>
  <testcase name="testFindAllBooks" time="0.032" classname="com.softserveinc.model.persist.home.BookHomeTest"/>
  <testcase name="testFindByIdBook" time="0.013" classname="com.softserveinc.model.persist.home.BookHomeTest"/>
  <testcase name="testCreateBook" time="0.06" classname="com.softserveinc.model.persist.home.ReviewHomeTest"/>
  <testcase name="testUpdateReview" time="0.091" classname="com.softserveinc.model.persist.home.ReviewHomeTest"/>
  <testcase name="testFindAllReviews" time="0.013" classname="com.softserveinc.model.persist.home.ReviewHomeTest"/>
  <testcase name="testFindByIdBook" time="0.011" classname="com.softserveinc.model.persist.home.ReviewHomeTest"/>
  <testcase name="testCreateAuthor" time="0.025" classname="com.softserveinc.model.persist.home.AuthorHomeTest"/>
  <testcase name="testUpdateAuthor" time="0.045" classname="com.softserveinc.model.persist.home.AuthorHomeTest"/>
  <testcase name="testFindAllAuthors" time="0.006" classname="com.softserveinc.model.persist.home.AuthorHomeTest"/>
  <testcase name="testFindByIdAuthor" time="0.004" classname="com.softserveinc.model.persist.home.AuthorHomeTest"/>
</testsuite> <!-- homes -->
