<?xml version="1.0" encoding="UTF-8"?>
<!-- Generated by org.testng.reporters.JUnitXMLReporter -->
<testsuite hostname="ARBON" name="managers" tests="50" failures="0" timestamp="6 Feb 2016 19:22:10 GMT" time="35.812" errors="0">
  <testcase name="testBulkDelete" time="0.778" classname="com.softserveinc.booklibrary.test.manager.BookManagerTest"/>
  <testcase name="testCreateBook" time="0.441" classname="com.softserveinc.booklibrary.test.manager.BookManagerTest"/>
  <testcase name="testNegativeDeleteBook" time="0.057" classname="com.softserveinc.booklibrary.test.manager.BookManagerTest"/>
  <testcase name="testNegativeDeleteBook" time="0.034" classname="com.softserveinc.booklibrary.test.manager.BookManagerTest"/>
  <testcase name="testUpdateBook" time="0.407" classname="com.softserveinc.booklibrary.test.manager.BookManagerTest"/>
  <testcase name="testDeleteBook" time="0.452" classname="com.softserveinc.booklibrary.test.manager.BookManagerTest"/>
  <testcase name="testCreateAuthor" time="0.393" classname="com.softserveinc.booklibrary.test.manager.AuthorManagerTest"/>
  <testcase name="testNegativeCreateBook" time="0.117" classname="com.softserveinc.booklibrary.test.manager.BookManagerTest"/>
  <testcase name="testNegativeCreateBook" time="0.101" classname="com.softserveinc.booklibrary.test.manager.BookManagerTest"/>
  <testcase name="testNegativeCreateBook" time="0.081" classname="com.softserveinc.booklibrary.test.manager.BookManagerTest"/>
  <testcase name="testNegativeCreateBook" time="0.141" classname="com.softserveinc.booklibrary.test.manager.BookManagerTest"/>
  <testcase name="testNegativeCreateBook" time="0.088" classname="com.softserveinc.booklibrary.test.manager.BookManagerTest"/>
  <testcase name="testNegativeCreateBook" time="0.08" classname="com.softserveinc.booklibrary.test.manager.BookManagerTest"/>
  <testcase name="testNegativeCreateBook" time="0.085" classname="com.softserveinc.booklibrary.test.manager.BookManagerTest"/>
  <testcase name="testNegativeCreateBook" time="0.088" classname="com.softserveinc.booklibrary.test.manager.BookManagerTest"/>
  <testcase name="testNegativeCreateBook" time="0.08" classname="com.softserveinc.booklibrary.test.manager.BookManagerTest"/>
  <testcase name="testNegativeCreateBook" time="0.099" classname="com.softserveinc.booklibrary.test.manager.BookManagerTest"/>
  <testcase name="testNegativeCreateBook" time="0.143" classname="com.softserveinc.booklibrary.test.manager.BookManagerTest"/>
  <testcase name="testNegativeCreateBook" time="0.074" classname="com.softserveinc.booklibrary.test.manager.BookManagerTest"/>
  <testcase name="testNegativeCreateBook" time="0.089" classname="com.softserveinc.booklibrary.test.manager.BookManagerTest"/>
  <testcase name="testNegativeCreateBook" time="0.072" classname="com.softserveinc.booklibrary.test.manager.BookManagerTest"/>
  <testcase name="testNegativeCreateAuthor" time="0.077" classname="com.softserveinc.booklibrary.test.manager.AuthorManagerTest"/>
  <testcase name="testNegativeCreateAuthor" time="0.083" classname="com.softserveinc.booklibrary.test.manager.AuthorManagerTest"/>
  <testcase name="testNegativeCreateAuthor" time="0.054" classname="com.softserveinc.booklibrary.test.manager.AuthorManagerTest"/>
  <testcase name="testNegativeCreateAuthor" time="0.052" classname="com.softserveinc.booklibrary.test.manager.AuthorManagerTest"/>
  <testcase name="testNegativeCreateAuthor" time="0.058" classname="com.softserveinc.booklibrary.test.manager.AuthorManagerTest"/>
  <testcase name="testNegativeCreateAuthor" time="0.051" classname="com.softserveinc.booklibrary.test.manager.AuthorManagerTest"/>
  <testcase name="testNegativeCreateAuthor" time="0.063" classname="com.softserveinc.booklibrary.test.manager.AuthorManagerTest"/>
  <testcase name="testNegativeCreateAuthor" time="0.055" classname="com.softserveinc.booklibrary.test.manager.AuthorManagerTest"/>
  <testcase name="testNegativeCreateAuthor" time="0.055" classname="com.softserveinc.booklibrary.test.manager.AuthorManagerTest"/>
  <testcase name="testNegativeCreateAuthor" time="0.063" classname="com.softserveinc.booklibrary.test.manager.AuthorManagerTest"/>
  <testcase name="testNegativeCreateAuthor" time="0.054" classname="com.softserveinc.booklibrary.test.manager.AuthorManagerTest"/>
  <testcase name="testDeleteAuthor" time="0.338" classname="com.softserveinc.booklibrary.test.manager.AuthorManagerTest"/>
  <testcase name="testNegativeDeleteAuthor" time="0.026" classname="com.softserveinc.booklibrary.test.manager.AuthorManagerTest"/>
  <testcase name="testNegativeDeleteAuthor" time="0.039" classname="com.softserveinc.booklibrary.test.manager.AuthorManagerTest"/>
  <testcase name="testNegativeDeleteAuthorWithNoBooks" time="0.043" classname="com.softserveinc.booklibrary.test.manager.AuthorManagerTest"/>
  <testcase name="testBulkDeleteAuthor" time="0.056" classname="com.softserveinc.booklibrary.test.manager.AuthorManagerTest"/>
  <testcase name="testNegativeBulkDeleteAuthors" time="0.097" classname="com.softserveinc.booklibrary.test.manager.AuthorManagerTest"/>
  <testcase name="testUpdateAuthor" time="0.358" classname="com.softserveinc.booklibrary.test.manager.AuthorManagerTest"/>
  <testcase name="testNegativeUpdateAuthor" time="0.054" classname="com.softserveinc.booklibrary.test.manager.AuthorManagerTest"/>
  <testcase name="testNegativeUpdateAuthor" time="0.052" classname="com.softserveinc.booklibrary.test.manager.AuthorManagerTest"/>
  <testcase name="testNegativeUpdateAuthor" time="0.057" classname="com.softserveinc.booklibrary.test.manager.AuthorManagerTest"/>
  <testcase name="testNegativeUpdateAuthor" time="0.052" classname="com.softserveinc.booklibrary.test.manager.AuthorManagerTest"/>
  <testcase name="testNegativeUpdateAuthor" time="0.05" classname="com.softserveinc.booklibrary.test.manager.AuthorManagerTest"/>
  <testcase name="testNegativeUpdateAuthor" time="0.05" classname="com.softserveinc.booklibrary.test.manager.AuthorManagerTest"/>
  <testcase name="testNegativeUpdateAuthor" time="0.052" classname="com.softserveinc.booklibrary.test.manager.AuthorManagerTest"/>
  <testcase name="testNegativeUpdateAuthor" time="0.044" classname="com.softserveinc.booklibrary.test.manager.AuthorManagerTest"/>
  <testcase name="testNegativeUpdateAuthor" time="0.054" classname="com.softserveinc.booklibrary.test.manager.AuthorManagerTest"/>
  <testcase name="testNegativeUpdateAuthor" time="0.062" classname="com.softserveinc.booklibrary.test.manager.AuthorManagerTest"/>
  <testcase name="testNegativeUpdateAuthor" time="0.061" classname="com.softserveinc.booklibrary.test.manager.AuthorManagerTest"/>
</testsuite> <!-- managers -->
