<?xml version="1.0" encoding="UTF-8"?>
<!-- Generated by org.testng.reporters.JUnitXMLReporter -->
<testsuite hostname="Pavlo" name="managers" tests="16" failures="0" timestamp="7 Feb 2016 20:19:26 GMT" time="0.153" errors="0">
  <testcase name="@BeforeSuite arquillianBeforeSuite" time="0.0" classname="com.softserveinc.booklibrary.test.manager.BookManagerTest">
    <failure type="org.jboss.arquillian.container.spi.client.container.LifecycleException" message="Could not start container">
      <![CDATA[org.jboss.arquillian.container.spi.client.container.LifecycleException: Could not start container
	at org.jboss.as.arquillian.container.managed.ManagedDeployableContainer.startInternal(ManagedDeployableContainer.java:208)
	at org.jboss.as.arquillian.container.CommonDeployableContainer.start(CommonDeployableContainer.java:112)
	at org.jboss.arquillian.container.impl.ContainerImpl.start(ContainerImpl.java:199)
	at org.jboss.arquillian.container.impl.client.container.ContainerLifecycleController$8.perform(ContainerLifecycleController.java:163)
	at org.jboss.arquillian.container.impl.client.container.ContainerLifecycleController$8.perform(ContainerLifecycleController.java:157)
	at org.jboss.arquillian.container.impl.client.container.ContainerLifecycleController.forContainer(ContainerLifecycleController.java:255)
	at org.jboss.arquillian.container.impl.client.container.ContainerLifecycleController.startContainer(ContainerLifecycleController.java:156)
	at org.jboss.arquillian.core.impl.ObserverImpl.invoke(ObserverImpl.java:94)
	at org.jboss.arquillian.core.impl.EventContextImpl.invokeObservers(EventContextImpl.java:99)
	at org.jboss.arquillian.core.impl.EventContextImpl.proceed(EventContextImpl.java:81)
	at org.jboss.arquillian.container.impl.client.ContainerDeploymentContextHandler.createContainerContext(ContainerDeploymentContextHandler.java:57)
	at org.jboss.arquillian.core.impl.ObserverImpl.invoke(ObserverImpl.java:94)
	at org.jboss.arquillian.core.impl.EventContextImpl.proceed(EventContextImpl.java:88)
	at org.jboss.arquillian.core.impl.ManagerImpl.fire(ManagerImpl.java:135)
	at org.jboss.arquillian.core.impl.ManagerImpl.fire(ManagerImpl.java:115)
	at org.jboss.arquillian.core.impl.EventImpl.fire(EventImpl.java:67)
	at org.jboss.arquillian.container.impl.client.container.ContainerLifecycleController$2.perform(ContainerLifecycleController.java:77)
	at org.jboss.arquillian.container.impl.client.container.ContainerLifecycleController$2.perform(ContainerLifecycleController.java:70)
	at org.jboss.arquillian.container.impl.client.container.ContainerLifecycleController.forEachSuiteContainer(ContainerLifecycleController.java:221)
	at org.jboss.arquillian.container.impl.client.container.ContainerLifecycleController.startSuiteContainers(ContainerLifecycleController.java:69)
	at org.jboss.arquillian.core.impl.ObserverImpl.invoke(ObserverImpl.java:94)
	at org.jboss.arquillian.core.impl.EventContextImpl.invokeObservers(EventContextImpl.java:99)
	at org.jboss.arquillian.core.impl.EventContextImpl.proceed(EventContextImpl.java:81)
	at org.jboss.arquillian.core.impl.ManagerImpl.fire(ManagerImpl.java:135)
	at org.jboss.arquillian.core.impl.ManagerImpl.fire(ManagerImpl.java:115)
	at org.jboss.arquillian.core.impl.EventImpl.fire(EventImpl.java:67)
	at org.jboss.arquillian.container.test.impl.client.ContainerEventController.execute(ContainerEventController.java:86)
	at org.jboss.arquillian.core.impl.ObserverImpl.invoke(ObserverImpl.java:94)
	at org.jboss.arquillian.core.impl.EventContextImpl.invokeObservers(EventContextImpl.java:99)
	at org.jboss.arquillian.core.impl.EventContextImpl.proceed(EventContextImpl.java:81)
	at org.jboss.arquillian.test.impl.TestContextHandler.createSuiteContext(TestContextHandler.java:65)
	at org.jboss.arquillian.core.impl.ObserverImpl.invoke(ObserverImpl.java:94)
	at org.jboss.arquillian.core.impl.EventContextImpl.proceed(EventContextImpl.java:88)
	at org.jboss.arquillian.core.impl.ManagerImpl.fire(ManagerImpl.java:135)
	at org.jboss.arquillian.core.impl.ManagerImpl.fire(ManagerImpl.java:115)
	at org.jboss.arquillian.test.impl.EventTestRunnerAdaptor.beforeSuite(EventTestRunnerAdaptor.java:68)
	at org.jboss.arquillian.testng.Arquillian.arquillianBeforeSuite(Arquillian.java:65)
Caused by: java.util.concurrent.TimeoutException: Managed server was not started within [60] s
	at org.jboss.as.arquillian.container.managed.ManagedDeployableContainer.startInternal(ManagedDeployableContainer.java:204)
	... 74 more
... Removed 38 stack frames]]>
    </failure>
  </testcase> <!-- @BeforeSuite arquillianBeforeSuite -->
  <testcase name="@BeforeClass arquillianBeforeClass" time="0.0" classname="com.softserveinc.booklibrary.test.manager.BookManagerTest">
    <skipped/>
  </testcase> <!-- @BeforeClass arquillianBeforeClass -->
  <testcase name="@BeforeMethod arquillianBeforeTest" time="0.0" classname="com.softserveinc.booklibrary.test.manager.BookManagerTest">
    <skipped/>
  </testcase> <!-- @BeforeMethod arquillianBeforeTest -->
  <testcase name="@BeforeMethod arquillianBeforeTest" time="0.0" classname="com.softserveinc.booklibrary.test.manager.BookManagerTest">
    <skipped/>
  </testcase> <!-- @BeforeMethod arquillianBeforeTest -->
  <testcase name="@BeforeMethod arquillianBeforeTest" time="0.0" classname="com.softserveinc.booklibrary.test.manager.BookManagerTest">
    <skipped/>
  </testcase> <!-- @BeforeMethod arquillianBeforeTest -->
  <testcase name="@BeforeMethod arquillianBeforeTest" time="0.0" classname="com.softserveinc.booklibrary.test.manager.BookManagerTest">
    <skipped/>
  </testcase> <!-- @BeforeMethod arquillianBeforeTest -->
  <testcase name="@BeforeMethod arquillianBeforeTest" time="0.0" classname="com.softserveinc.booklibrary.test.manager.BookManagerTest">
    <skipped/>
  </testcase> <!-- @BeforeMethod arquillianBeforeTest -->
  <testcase name="@BeforeMethod arquillianBeforeTest" time="0.0" classname="com.softserveinc.booklibrary.test.manager.BookManagerTest">
    <skipped/>
  </testcase> <!-- @BeforeMethod arquillianBeforeTest -->
  <testcase name="@BeforeClass arquillianBeforeClass" time="0.0" classname="com.softserveinc.booklibrary.test.manager.AuthorManagerTest">
    <skipped/>
  </testcase> <!-- @BeforeClass arquillianBeforeClass -->
  <testcase name="@BeforeMethod arquillianBeforeTest" time="0.0" classname="com.softserveinc.booklibrary.test.manager.AuthorManagerTest">
    <skipped/>
  </testcase> <!-- @BeforeMethod arquillianBeforeTest -->
  <testcase name="testBulkDelete" time="0.002" classname="com.softserveinc.booklibrary.test.manager.BookManagerTest">
    <skipped/>
  </testcase> <!-- testBulkDelete -->
  <testcase name="testCreateBook" time="0.001" classname="com.softserveinc.booklibrary.test.manager.BookManagerTest">
    <skipped/>
  </testcase> <!-- testCreateBook -->
  <testcase name="testNegativeDeleteBook" time="0.002" classname="com.softserveinc.booklibrary.test.manager.BookManagerTest">
    <skipped/>
  </testcase> <!-- testNegativeDeleteBook -->
  <testcase name="testNegativeDeleteBook" time="0.001" classname="com.softserveinc.booklibrary.test.manager.BookManagerTest">
    <skipped/>
  </testcase> <!-- testNegativeDeleteBook -->
  <testcase name="testDeleteBook" time="0.001" classname="com.softserveinc.booklibrary.test.manager.BookManagerTest">
    <skipped/>
  </testcase> <!-- testDeleteBook -->
  <testcase name="testUpdateBook" time="0.001" classname="com.softserveinc.booklibrary.test.manager.BookManagerTest">
    <skipped/>
  </testcase> <!-- testUpdateBook -->
  <testcase name="testCreateAuthor" time="0.001" classname="com.softserveinc.booklibrary.test.manager.AuthorManagerTest">
    <skipped/>
  </testcase> <!-- testCreateAuthor -->
  <testcase name="testNegativeCreateBook" time="0.0" classname="com.softserveinc.booklibrary.test.manager.BookManagerTest">
    <skipped/>
  </testcase> <!-- testNegativeCreateBook -->
  <testcase name="testNegativeCreateAuthor" time="0.0" classname="com.softserveinc.booklibrary.test.manager.AuthorManagerTest">
    <skipped/>
  </testcase> <!-- testNegativeCreateAuthor -->
  <testcase name="testDeleteAuthor" time="0.0" classname="com.softserveinc.booklibrary.test.manager.AuthorManagerTest">
    <skipped/>
  </testcase> <!-- testDeleteAuthor -->
  <testcase name="testNegativeDeleteAuthor" time="0.0" classname="com.softserveinc.booklibrary.test.manager.AuthorManagerTest">
    <skipped/>
  </testcase> <!-- testNegativeDeleteAuthor -->
  <testcase name="testNegativeDeleteAuthorWithNoBooks" time="0.0" classname="com.softserveinc.booklibrary.test.manager.AuthorManagerTest">
    <skipped/>
  </testcase> <!-- testNegativeDeleteAuthorWithNoBooks -->
  <testcase name="testBulkDeleteAuthor" time="0.0" classname="com.softserveinc.booklibrary.test.manager.AuthorManagerTest">
    <skipped/>
  </testcase> <!-- testBulkDeleteAuthor -->
  <testcase name="testNegativeBulkDeleteAuthors" time="0.0" classname="com.softserveinc.booklibrary.test.manager.AuthorManagerTest">
    <skipped/>
  </testcase> <!-- testNegativeBulkDeleteAuthors -->
  <testcase name="testUpdateAuthor" time="0.0" classname="com.softserveinc.booklibrary.test.manager.AuthorManagerTest">
    <skipped/>
  </testcase> <!-- testUpdateAuthor -->
  <testcase name="testNegativeUpdateAuthor" time="0.0" classname="com.softserveinc.booklibrary.test.manager.AuthorManagerTest">
    <skipped/>
  </testcase> <!-- testNegativeUpdateAuthor -->
</testsuite> <!-- managers -->
